Running experiment RANDOM, with:
  bond_dim=[10, 20, 40, 60, 80, 100]
  random_path=1
COMET INFO: old comet version (1.0.49) detected. current: 1.0.50 please update your comet lib with command: `pip install --no-cache-dir --upgrade comet_ml`
COMET INFO: Experiment is live on comet.ml https://www.comet.ml/jemisjoky/torch-mps/75db2c5789e4450199466dc00593cdb4

COMET INFO: ----------------------------
COMET INFO: Comet.ml Experiment Summary:
COMET INFO:   Data:
COMET INFO:     url: https://www.comet.ml/jemisjoky/torch-mps/75db2c5789e4450199466dc00593cdb4
COMET INFO:   Metrics:
COMET INFO:                          loss: tensor(8.4973e-06)
COMET INFO:         sys.gpu.0.free_memory: 11871715328
COMET INFO:     sys.gpu.0.gpu_utilization: 39
COMET INFO:        sys.gpu.0.total_memory: 12787122176
COMET INFO:         sys.gpu.0.used_memory: 915406848
COMET INFO:                    test error: 0.025100000000000455
COMET INFO:                training error: 0.0
COMET INFO:   Other:
COMET INFO:     Name: bd_10_path_1
COMET INFO: ----------------------------
COMET INFO: Uploading stats to Comet before program termination (may take several seconds)
Done with experiment 1
COMET INFO: old comet version (1.0.49) detected. current: 1.0.50 please update your comet lib with command: `pip install --no-cache-dir --upgrade comet_ml`
COMET INFO: Experiment is live on comet.ml https://www.comet.ml/jemisjoky/torch-mps/9724dc8cd84e4bf8bed53e2e6ee2ec73

COMET INFO: ----------------------------
COMET INFO: Comet.ml Experiment Summary:
COMET INFO:   Data:
COMET INFO:     url: https://www.comet.ml/jemisjoky/torch-mps/9724dc8cd84e4bf8bed53e2e6ee2ec73
COMET INFO:   Metrics:
COMET INFO:                          loss: tensor(1.5378e-07)
COMET INFO:         sys.gpu.0.free_memory: 11607474176
COMET INFO:     sys.gpu.0.gpu_utilization: 60
COMET INFO:        sys.gpu.0.total_memory: 12787122176
COMET INFO:         sys.gpu.0.used_memory: 1179648000
COMET INFO:                    test error: 0.018500000000000072
COMET INFO:                training error: 0.0
COMET INFO:   Other:
COMET INFO:     Name: bd_20_path_1
COMET INFO: ----------------------------
COMET INFO: Uploading stats to Comet before program termination (may take several seconds)
Done with experiment 2
COMET INFO: old comet version (1.0.49) detected. current: 1.0.50 please update your comet lib with command: `pip install --no-cache-dir --upgrade comet_ml`
COMET INFO: Experiment is live on comet.ml https://www.comet.ml/jemisjoky/torch-mps/8d59757730fe429a849a6bf481876725

COMET INFO: ----------------------------
COMET INFO: Comet.ml Experiment Summary:
COMET INFO:   Data:
COMET INFO:     url: https://www.comet.ml/jemisjoky/torch-mps/8d59757730fe429a849a6bf481876725
COMET INFO:   Metrics:
COMET INFO:                          loss: tensor(0.)
COMET INFO:         sys.gpu.0.free_memory: 10682630144
COMET INFO:     sys.gpu.0.gpu_utilization: 82
COMET INFO:        sys.gpu.0.total_memory: 12787122176
COMET INFO:         sys.gpu.0.used_memory: 2104492032
COMET INFO:                    test error: 0.01530000000000098
COMET INFO:                training error: 0.0
COMET INFO:   Other:
COMET INFO:     Name: bd_40_path_1
COMET INFO: ----------------------------
COMET INFO: Uploading stats to Comet before program termination (may take several seconds)
Done with experiment 3
COMET INFO: old comet version (1.0.49) detected. current: 1.0.50 please update your comet lib with command: `pip install --no-cache-dir --upgrade comet_ml`
COMET INFO: Experiment is live on comet.ml https://www.comet.ml/jemisjoky/torch-mps/aa4489417fe34be9871600bb6eee62f5

COMET INFO: ----------------------------
COMET INFO: Comet.ml Experiment Summary:
COMET INFO:   Data:
COMET INFO:     url: https://www.comet.ml/jemisjoky/torch-mps/aa4489417fe34be9871600bb6eee62f5
COMET INFO:   Metrics:
COMET INFO:                          loss: tensor(4.9770e-08)
COMET INFO:         sys.gpu.0.free_memory: 9007005696
COMET INFO:     sys.gpu.0.gpu_utilization: 99
COMET INFO:        sys.gpu.0.total_memory: 12787122176
COMET INFO:         sys.gpu.0.used_memory: 3780116480
COMET INFO:                    test error: 0.01800000000000035
COMET INFO:                training error: 0.0
COMET INFO:   Other:
COMET INFO:     Name: bd_60_path_1
COMET INFO: ----------------------------
COMET INFO: Uploading stats to Comet before program termination (may take several seconds)
Done with experiment 4
COMET INFO: old comet version (1.0.49) detected. current: 1.0.50 please update your comet lib with command: `pip install --no-cache-dir --upgrade comet_ml`
COMET INFO: Experiment is live on comet.ml https://www.comet.ml/jemisjoky/torch-mps/e606e0460fa249898b51809daae0de0a

COMET INFO: ----------------------------
COMET INFO: Comet.ml Experiment Summary:
COMET INFO:   Data:
COMET INFO:     url: https://www.comet.ml/jemisjoky/torch-mps/e606e0460fa249898b51809daae0de0a
COMET INFO:   Metrics:
COMET INFO:                          loss: tensor(2.3899e-08)
COMET INFO:         sys.gpu.0.free_memory: 6414925824
COMET INFO:     sys.gpu.0.gpu_utilization: 100
COMET INFO:        sys.gpu.0.total_memory: 12787122176
COMET INFO:         sys.gpu.0.used_memory: 6372196352
COMET INFO:                    test error: 0.016500000000000292
COMET INFO:                training error: 0.0
COMET INFO:   Other:
COMET INFO:     Name: bd_80_path_1
COMET INFO: ----------------------------
COMET INFO: Uploading stats to Comet before program termination (may take several seconds)
Done with experiment 5
COMET INFO: old comet version (1.0.49) detected. current: 1.0.50 please update your comet lib with command: `pip install --no-cache-dir --upgrade comet_ml`
COMET INFO: Experiment is live on comet.ml https://www.comet.ml/jemisjoky/torch-mps/64705362e6fd4314afe4490e0f52b371

COMET INFO: ----------------------------
COMET INFO: Comet.ml Experiment Summary:
COMET INFO:   Data:
COMET INFO:     url: https://www.comet.ml/jemisjoky/torch-mps/64705362e6fd4314afe4490e0f52b371
COMET INFO:   Metrics:
COMET INFO:                          loss: tensor(2.0872e-08)
COMET INFO:         sys.gpu.0.free_memory: 4108058624
COMET INFO:     sys.gpu.0.gpu_utilization: 100
COMET INFO:        sys.gpu.0.total_memory: 12787122176
COMET INFO:         sys.gpu.0.used_memory: 8679063552
COMET INFO:                    test error: 0.018700000000000383
COMET INFO:                training error: 0.0
COMET INFO:   Other:
COMET INFO:     Name: bd_100_path_1
COMET INFO: ----------------------------
COMET INFO: Uploading stats to Comet before program termination (may take several seconds)
Done with experiment 6
Done with all experiments
