THIS TRIAL'S ALL PARAMETERS
bond_dim = 60
adaptive_mode = True
periodic_bc = False
init_std = 1e-09
num_train = 60000
num_test = 10000
batch_size = 100
num_epochs = 30
learning_rate = 0.0001
l2_reg = 0.0
merge_threshold = 2000
cutoff = 1e-10
Using device: cuda:0

path = None

### Epoch 1 ###
Average loss for epoch: 0.3431
Average train accuracy: 0.8881
Test accuracy:          0.9395
Runtime so far:         901 sec

### Epoch 2 ###
Average loss for epoch: 0.1181
Average train accuracy: 0.9670
Test accuracy:          0.9755
Runtime so far:         1796 sec

### Epoch 3 ###
Average loss for epoch: 0.0981
Average train accuracy: 0.9734
Test accuracy:          0.9654
Runtime so far:         2690 sec

### Epoch 4 ###
Average loss for epoch: 0.0850
Average train accuracy: 0.9772
Test accuracy:          0.9780
Runtime so far:         3581 sec

### Epoch 5 ###
Average loss for epoch: 0.0730
Average train accuracy: 0.9813
Test accuracy:          0.9709
Runtime so far:         4472 sec

### Epoch 6 ###
Average loss for epoch: 0.0836
Average train accuracy: 0.9790
Test accuracy:          0.9716
Runtime so far:         5364 sec

### Epoch 7 ###
Average loss for epoch: 0.0630
Average train accuracy: 0.9840
Test accuracy:          0.9749
Runtime so far:         6258 sec

### Epoch 8 ###
Average loss for epoch: 0.0772
Average train accuracy: 0.9812
Test accuracy:          0.9772
Runtime so far:         7150 sec

### Epoch 9 ###
Average loss for epoch: 0.0558
Average train accuracy: 0.9862
Test accuracy:          0.9722
Runtime so far:         8041 sec

### Epoch 10 ###
Average loss for epoch: 0.0554
Average train accuracy: 0.9870
Test accuracy:          0.9726
Runtime so far:         8932 sec

### Epoch 11 ###
Average loss for epoch: 0.0670
Average train accuracy: 0.9849
Test accuracy:          0.9741
Runtime so far:         9823 sec

### Epoch 12 ###
Average loss for epoch: 0.0952
Average train accuracy: 0.9805
Test accuracy:          0.9799
Runtime so far:         10715 sec

### Epoch 13 ###
Average loss for epoch: 0.0291
Average train accuracy: 0.9926
Test accuracy:          0.9792
Runtime so far:         11605 sec

### Epoch 14 ###
Average loss for epoch: 0.0410
Average train accuracy: 0.9905
Test accuracy:          0.9761
Runtime so far:         12496 sec

### Epoch 15 ###
Average loss for epoch: 0.0503
Average train accuracy: 0.9890
Test accuracy:          0.9784
Runtime so far:         13388 sec

### Epoch 16 ###
Average loss for epoch: 0.0306
Average train accuracy: 0.9929
Test accuracy:          0.9754
Runtime so far:         14279 sec

### Epoch 17 ###
Average loss for epoch: 0.0475
Average train accuracy: 0.9899
Test accuracy:          0.9765
Runtime so far:         15170 sec

### Epoch 18 ###
Average loss for epoch: 0.2964
Average train accuracy: 0.9563
Test accuracy:          0.9786
Runtime so far:         16061 sec

### Epoch 19 ###
Average loss for epoch: 0.0389
Average train accuracy: 0.9914
Test accuracy:          0.9747
Runtime so far:         16952 sec

### Epoch 20 ###
Average loss for epoch: 0.0310
Average train accuracy: 0.9930
Test accuracy:          0.9789
Runtime so far:         17842 sec

### Epoch 21 ###
Average loss for epoch: 0.0378
Average train accuracy: 0.9914
Test accuracy:          0.9679
Runtime so far:         18733 sec

### Epoch 22 ###
Average loss for epoch: 0.0419
Average train accuracy: 0.9907
Test accuracy:          0.9763
Runtime so far:         19624 sec

### Epoch 23 ###
Average loss for epoch: 0.0328
Average train accuracy: 0.9926
Test accuracy:          0.9762
Runtime so far:         20516 sec

### Epoch 24 ###
Average loss for epoch: 0.1668
Average train accuracy: 0.9624
Test accuracy:          0.9778
Runtime so far:         21407 sec

### Epoch 25 ###
Average loss for epoch: 0.0282
Average train accuracy: 0.9933
Test accuracy:          0.9760
Runtime so far:         22298 sec

### Epoch 26 ###
Average loss for epoch: 0.0317
Average train accuracy: 0.9935
Test accuracy:          0.9815
Runtime so far:         23188 sec

### Epoch 27 ###
Average loss for epoch: 0.0223
Average train accuracy: 0.9945
Test accuracy:          0.9793
Runtime so far:         24079 sec

### Epoch 28 ###
Average loss for epoch: 0.0267
Average train accuracy: 0.9937
Test accuracy:          0.9787
Runtime so far:         24970 sec

### Epoch 29 ###
Average loss for epoch: 0.0226
Average train accuracy: 0.9947
Test accuracy:          0.9719
Runtime so far:         25861 sec

### Epoch 30 ###
Average loss for epoch: 0.0390
Average train accuracy: 0.9917
Test accuracy:          0.9760
Runtime so far:         26752 sec

