THIS TRIAL'S ALL PARAMETERS
bond_dim = 10
adaptive_mode = False
periodic_bc = False
init_std = 1e-09
num_train = 60000
num_test = 10000
batch_size = 100
num_epochs = 30
learning_rate = 0.0001
l2_reg = 0.0
merge_threshold = 2000
cutoff = 1e-10
Using device: cuda:0

path = None

Downloading http://fashion-mnist.s3-website.eu-central-1.amazonaws.com/train-images-idx3-ubyte.gz
Downloading http://fashion-mnist.s3-website.eu-central-1.amazonaws.com/train-labels-idx1-ubyte.gz
Downloading http://fashion-mnist.s3-website.eu-central-1.amazonaws.com/t10k-images-idx3-ubyte.gz
Downloading http://fashion-mnist.s3-website.eu-central-1.amazonaws.com/t10k-labels-idx1-ubyte.gz
Processing...
Done!
### Epoch 1 ###
Average loss for epoch: 0.7384
Average train accuracy: 0.7257
Test accuracy:          0.7986
Runtime so far:         71 sec

### Epoch 2 ###
Average loss for epoch: 0.4816
Average train accuracy: 0.8244
Test accuracy:          0.8250
Runtime so far:         124 sec

### Epoch 3 ###
Average loss for epoch: 0.4243
Average train accuracy: 0.8425
Test accuracy:          0.8292
Runtime so far:         176 sec

### Epoch 4 ###
Average loss for epoch: 0.3978
Average train accuracy: 0.8537
Test accuracy:          0.8505
Runtime so far:         229 sec

### Epoch 5 ###
Average loss for epoch: 0.3715
Average train accuracy: 0.8634
Test accuracy:          0.8529
Runtime so far:         281 sec

### Epoch 6 ###
Average loss for epoch: 0.3555
Average train accuracy: 0.8679
Test accuracy:          0.8588
Runtime so far:         334 sec

### Epoch 7 ###
Average loss for epoch: 0.3404
Average train accuracy: 0.8740
Test accuracy:          0.8589
Runtime so far:         386 sec

### Epoch 8 ###
Average loss for epoch: 0.3309
Average train accuracy: 0.8757
Test accuracy:          0.8693
Runtime so far:         438 sec

### Epoch 9 ###
Average loss for epoch: 0.3163
Average train accuracy: 0.8820
Test accuracy:          0.8746
Runtime so far:         491 sec

### Epoch 10 ###
Average loss for epoch: 0.3073
Average train accuracy: 0.8852
Test accuracy:          0.8709
Runtime so far:         543 sec

### Epoch 11 ###
Average loss for epoch: 0.2996
Average train accuracy: 0.8878
Test accuracy:          0.8680
Runtime so far:         596 sec

### Epoch 12 ###
Average loss for epoch: 0.2874
Average train accuracy: 0.8934
Test accuracy:          0.8685
Runtime so far:         648 sec

### Epoch 13 ###
Average loss for epoch: 0.2832
Average train accuracy: 0.8937
Test accuracy:          0.8617
Runtime so far:         701 sec

### Epoch 14 ###
Average loss for epoch: 0.2771
Average train accuracy: 0.8967
Test accuracy:          0.8782
Runtime so far:         753 sec

### Epoch 15 ###
Average loss for epoch: 0.2678
Average train accuracy: 0.8993
Test accuracy:          0.8784
Runtime so far:         806 sec

### Epoch 16 ###
Average loss for epoch: 0.2645
Average train accuracy: 0.9001
Test accuracy:          0.8807
Runtime so far:         858 sec

### Epoch 17 ###
Average loss for epoch: 0.2565
Average train accuracy: 0.9030
Test accuracy:          0.8792
Runtime so far:         911 sec

### Epoch 18 ###
Average loss for epoch: 0.2540
Average train accuracy: 0.9057
Test accuracy:          0.8791
Runtime so far:         963 sec

### Epoch 19 ###
Average loss for epoch: 0.2458
Average train accuracy: 0.9069
Test accuracy:          0.8834
Runtime so far:         1016 sec

### Epoch 20 ###
Average loss for epoch: 0.2438
Average train accuracy: 0.9081
Test accuracy:          0.8777
Runtime so far:         1068 sec

### Epoch 21 ###
Average loss for epoch: 0.2382
Average train accuracy: 0.9096
Test accuracy:          0.8837
Runtime so far:         1121 sec

### Epoch 22 ###
Average loss for epoch: 0.2349
Average train accuracy: 0.9110
Test accuracy:          0.8830
Runtime so far:         1173 sec

### Epoch 23 ###
Average loss for epoch: 0.2278
Average train accuracy: 0.9140
Test accuracy:          0.8856
Runtime so far:         1225 sec

### Epoch 24 ###
Average loss for epoch: 0.2317
Average train accuracy: 0.9132
Test accuracy:          0.8852
Runtime so far:         1278 sec

### Epoch 25 ###
Average loss for epoch: 0.2205
Average train accuracy: 0.9169
Test accuracy:          0.8855
Runtime so far:         1330 sec

### Epoch 26 ###
Average loss for epoch: 0.2179
Average train accuracy: 0.9175
Test accuracy:          0.8876
Runtime so far:         1383 sec

### Epoch 27 ###
Average loss for epoch: 0.2136
Average train accuracy: 0.9187
Test accuracy:          0.8866
Runtime so far:         1435 sec

### Epoch 28 ###
Average loss for epoch: 0.2107
Average train accuracy: 0.9204
Test accuracy:          0.8840
Runtime so far:         1488 sec

### Epoch 29 ###
Average loss for epoch: 0.2088
Average train accuracy: 0.9204
Test accuracy:          0.8849
Runtime so far:         1540 sec

### Epoch 30 ###
Average loss for epoch: 0.2025
Average train accuracy: 0.9235
Test accuracy:          0.8877
Runtime so far:         1593 sec

