THIS TRIAL'S ALL PARAMETERS
bond_dim = 80
adaptive_mode = False
periodic_bc = False
init_std = 1e-09
num_train = 60000
num_test = 10000
batch_size = 100
num_epochs = 30
learning_rate = 0.0001
l2_reg = 0.0
merge_threshold = 2000
cutoff = 1e-10
Using device: cuda:0

path = None

### Epoch 1 ###
Average loss for epoch: 0.6584
Average train accuracy: 0.7572
Test accuracy:          0.8154
Runtime so far:         380 sec

### Epoch 2 ###
Average loss for epoch: 0.4248
Average train accuracy: 0.8445
Test accuracy:          0.8422
Runtime so far:         745 sec

### Epoch 3 ###
Average loss for epoch: 0.3774
Average train accuracy: 0.8614
Test accuracy:          0.8549
Runtime so far:         1108 sec

### Epoch 4 ###
Average loss for epoch: 0.3481
Average train accuracy: 0.8712
Test accuracy:          0.8664
Runtime so far:         1472 sec

### Epoch 5 ###
Average loss for epoch: 0.3255
Average train accuracy: 0.8787
Test accuracy:          0.8670
Runtime so far:         1835 sec

### Epoch 6 ###
Average loss for epoch: 0.3073
Average train accuracy: 0.8854
Test accuracy:          0.8712
Runtime so far:         2199 sec

### Epoch 7 ###
Average loss for epoch: 0.2902
Average train accuracy: 0.8917
Test accuracy:          0.8633
Runtime so far:         2562 sec

### Epoch 8 ###
Average loss for epoch: 0.2851
Average train accuracy: 0.8943
Test accuracy:          0.8739
Runtime so far:         2926 sec

### Epoch 9 ###
Average loss for epoch: 0.2712
Average train accuracy: 0.8985
Test accuracy:          0.8850
Runtime so far:         3289 sec

### Epoch 10 ###
Average loss for epoch: 0.2606
Average train accuracy: 0.9032
Test accuracy:          0.8809
Runtime so far:         3653 sec

### Epoch 11 ###
Average loss for epoch: 0.2478
Average train accuracy: 0.9074
Test accuracy:          0.8837
Runtime so far:         4015 sec

### Epoch 12 ###
Average loss for epoch: 0.2424
Average train accuracy: 0.9097
Test accuracy:          0.8712
Runtime so far:         4379 sec

### Epoch 13 ###
Average loss for epoch: 0.2333
Average train accuracy: 0.9132
Test accuracy:          0.8739
Runtime so far:         4742 sec

### Epoch 14 ###
Average loss for epoch: 0.2284
Average train accuracy: 0.9152
Test accuracy:          0.8867
Runtime so far:         5106 sec

### Epoch 15 ###
Average loss for epoch: 0.2159
Average train accuracy: 0.9200
Test accuracy:          0.8780
Runtime so far:         5470 sec

### Epoch 16 ###
Average loss for epoch: 0.2143
Average train accuracy: 0.9208
Test accuracy:          0.8862
Runtime so far:         5834 sec

### Epoch 17 ###
Average loss for epoch: 0.2061
Average train accuracy: 0.9232
Test accuracy:          0.8928
Runtime so far:         6197 sec

### Epoch 18 ###
Average loss for epoch: 0.1974
Average train accuracy: 0.9257
Test accuracy:          0.8880
Runtime so far:         6561 sec

### Epoch 19 ###
Average loss for epoch: 0.1990
Average train accuracy: 0.9257
Test accuracy:          0.8867
Runtime so far:         6925 sec

### Epoch 20 ###
Average loss for epoch: 0.1853
Average train accuracy: 0.9303
Test accuracy:          0.8868
Runtime so far:         7288 sec

### Epoch 21 ###
Average loss for epoch: 0.1866
Average train accuracy: 0.9315
Test accuracy:          0.8906
Runtime so far:         7652 sec

### Epoch 22 ###
Average loss for epoch: 0.1795
Average train accuracy: 0.9340
Test accuracy:          0.8925
Runtime so far:         8015 sec

### Epoch 23 ###
Average loss for epoch: 0.1739
Average train accuracy: 0.9348
Test accuracy:          0.8939
Runtime so far:         8379 sec

### Epoch 24 ###
Average loss for epoch: 0.1682
Average train accuracy: 0.9368
Test accuracy:          0.8906
Runtime so far:         8742 sec

### Epoch 25 ###
Average loss for epoch: 0.1632
Average train accuracy: 0.9390
Test accuracy:          0.8915
Runtime so far:         9105 sec

### Epoch 26 ###
Average loss for epoch: 0.1610
Average train accuracy: 0.9401
Test accuracy:          0.8933
Runtime so far:         9468 sec

### Epoch 27 ###
Average loss for epoch: 0.1563
Average train accuracy: 0.9429
Test accuracy:          0.8893
Runtime so far:         9831 sec

### Epoch 28 ###
Average loss for epoch: 0.1472
Average train accuracy: 0.9450
Test accuracy:          0.8909
Runtime so far:         10195 sec

### Epoch 29 ###
Average loss for epoch: 0.1536
Average train accuracy: 0.9437
Test accuracy:          0.8848
Runtime so far:         10559 sec

### Epoch 30 ###
Average loss for epoch: 0.1444
Average train accuracy: 0.9470
Test accuracy:          0.8893
Runtime so far:         10923 sec

