THIS TRIAL'S ALL PARAMETERS
bond_dim = 60
adaptive_mode = False
periodic_bc = False
init_std = 1e-09
num_train = 60000
num_test = 10000
batch_size = 100
num_epochs = 30
learning_rate = 0.0001
l2_reg = 0.0
merge_threshold = 2000
cutoff = 1e-10
Using device: cuda:0

path = None

### Epoch 1 ###
Average loss for epoch: 0.6663
Average train accuracy: 0.7516
Test accuracy:          0.8081
Runtime so far:         213 sec

### Epoch 2 ###
Average loss for epoch: 0.4279
Average train accuracy: 0.8442
Test accuracy:          0.8408
Runtime so far:         414 sec

### Epoch 3 ###
Average loss for epoch: 0.3754
Average train accuracy: 0.8625
Test accuracy:          0.8577
Runtime so far:         614 sec

### Epoch 4 ###
Average loss for epoch: 0.3489
Average train accuracy: 0.8718
Test accuracy:          0.8650
Runtime so far:         813 sec

### Epoch 5 ###
Average loss for epoch: 0.3228
Average train accuracy: 0.8789
Test accuracy:          0.8656
Runtime so far:         1012 sec

### Epoch 6 ###
Average loss for epoch: 0.3045
Average train accuracy: 0.8862
Test accuracy:          0.8751
Runtime so far:         1212 sec

### Epoch 7 ###
Average loss for epoch: 0.2891
Average train accuracy: 0.8925
Test accuracy:          0.8730
Runtime so far:         1411 sec

### Epoch 8 ###
Average loss for epoch: 0.2800
Average train accuracy: 0.8951
Test accuracy:          0.8743
Runtime so far:         1610 sec

### Epoch 9 ###
Average loss for epoch: 0.2695
Average train accuracy: 0.9002
Test accuracy:          0.8835
Runtime so far:         1809 sec

### Epoch 10 ###
Average loss for epoch: 0.2594
Average train accuracy: 0.9021
Test accuracy:          0.8824
Runtime so far:         2009 sec

### Epoch 11 ###
Average loss for epoch: 0.2472
Average train accuracy: 0.9063
Test accuracy:          0.8799
Runtime so far:         2207 sec

### Epoch 12 ###
Average loss for epoch: 0.2381
Average train accuracy: 0.9115
Test accuracy:          0.8790
Runtime so far:         2406 sec

### Epoch 13 ###
Average loss for epoch: 0.2341
Average train accuracy: 0.9132
Test accuracy:          0.8799
Runtime so far:         2606 sec

### Epoch 14 ###
Average loss for epoch: 0.2268
Average train accuracy: 0.9155
Test accuracy:          0.8774
Runtime so far:         2804 sec

### Epoch 15 ###
Average loss for epoch: 0.2145
Average train accuracy: 0.9199
Test accuracy:          0.8830
Runtime so far:         3003 sec

### Epoch 16 ###
Average loss for epoch: 0.2129
Average train accuracy: 0.9200
Test accuracy:          0.8827
Runtime so far:         3203 sec

### Epoch 17 ###
Average loss for epoch: 0.2049
Average train accuracy: 0.9228
Test accuracy:          0.8862
Runtime so far:         3402 sec

### Epoch 18 ###
Average loss for epoch: 0.2018
Average train accuracy: 0.9238
Test accuracy:          0.8915
Runtime so far:         3600 sec

### Epoch 19 ###
Average loss for epoch: 0.1918
Average train accuracy: 0.9281
Test accuracy:          0.8903
Runtime so far:         3799 sec

### Epoch 20 ###
Average loss for epoch: 0.1936
Average train accuracy: 0.9274
Test accuracy:          0.8850
Runtime so far:         3998 sec

### Epoch 21 ###
Average loss for epoch: 0.1830
Average train accuracy: 0.9325
Test accuracy:          0.8915
Runtime so far:         4197 sec

### Epoch 22 ###
Average loss for epoch: 0.1765
Average train accuracy: 0.9338
Test accuracy:          0.8950
Runtime so far:         4396 sec

### Epoch 23 ###
Average loss for epoch: 0.1713
Average train accuracy: 0.9357
Test accuracy:          0.8883
Runtime so far:         4595 sec

### Epoch 24 ###
Average loss for epoch: 0.1703
Average train accuracy: 0.9362
Test accuracy:          0.8925
Runtime so far:         4794 sec

### Epoch 25 ###
Average loss for epoch: 0.1640
Average train accuracy: 0.9385
Test accuracy:          0.8906
Runtime so far:         4993 sec

### Epoch 26 ###
Average loss for epoch: 0.1594
Average train accuracy: 0.9394
Test accuracy:          0.8939
Runtime so far:         5192 sec

### Epoch 27 ###
Average loss for epoch: 0.1603
Average train accuracy: 0.9409
Test accuracy:          0.8887
Runtime so far:         5392 sec

### Epoch 28 ###
Average loss for epoch: 0.1616
Average train accuracy: 0.9409
Test accuracy:          0.8926
Runtime so far:         5591 sec

### Epoch 29 ###
Average loss for epoch: 0.1508
Average train accuracy: 0.9439
Test accuracy:          0.8841
Runtime so far:         5790 sec

### Epoch 30 ###
Average loss for epoch: 0.1441
Average train accuracy: 0.9461
Test accuracy:          0.8914
Runtime so far:         5989 sec

