THIS TRIAL'S ALL PARAMETERS
bond_dim = 100
adaptive_mode = False
periodic_bc = False
init_std = 1e-09
num_train = 60000
num_test = 10000
batch_size = 100
num_epochs = 30
learning_rate = 0.0001
l2_reg = 0.0
merge_threshold = 2000
cutoff = 1e-10
Using device: cuda:0
Learning rate scheduler in use
Training on MNIST

path = None

### Epoch 1 ###
Average loss for epoch: 0.4109
Average train accuracy: 0.8681
Test accuracy:          0.9307
Runtime so far:         621 sec

### Epoch 2 ###
Average loss for epoch: 0.1191
Average train accuracy: 0.9647
Test accuracy:          0.9681
Runtime so far:         1233 sec

### Epoch 3 ###
Average loss for epoch: 0.0930
Average train accuracy: 0.9727
Test accuracy:          0.9727
Runtime so far:         1839 sec

### Epoch 4 ###
Average loss for epoch: 0.0757
Average train accuracy: 0.9774
Test accuracy:          0.9758
Runtime so far:         2452 sec

### Epoch 5 ###
Average loss for epoch: 0.0633
Average train accuracy: 0.9805
Test accuracy:          0.9750
Runtime so far:         3064 sec

### Epoch 6 ###
Average loss for epoch: 0.0565
Average train accuracy: 0.9832
Test accuracy:          0.9789
Runtime so far:         3677 sec

### Epoch 7 ###
Average loss for epoch: 0.0541
Average train accuracy: 0.9841
Test accuracy:          0.9748
Runtime so far:         4291 sec

### Epoch 8 ###
Average loss for epoch: 0.0470
Average train accuracy: 0.9861
Test accuracy:          0.9659
Runtime so far:         4904 sec

### Epoch 9 ###
Average loss for epoch: 0.0438
Average train accuracy: 0.9871
Test accuracy:          0.9796
Runtime so far:         5518 sec

