THIS TRIAL'S ALL PARAMETERS
bond_dim = 10
adaptive_mode = False
periodic_bc = False
init_std = 1e-09
num_train = 60000
num_test = 10000
batch_size = 100
num_epochs = 60
learning_rate = 0.0001
l2_reg = 0.0
merge_threshold = 2000
cutoff = 1e-10
Using device: cuda:0
Learning rate scheduler in use
Training on FashionMNIST

path = [568, 269, 351, 631, 333, 206, 19, 611, 759, 143, 552, 224, 485, 234, 198, 638, 35, 332, 111, 583, 708, 763, 136, 41, 127, 184, 744, 183, 724, 376, 706, 594, 190, 510, 619, 61, 372, 596, 544, 646, 740, 751, 39, 0, 196, 509, 643, 194, 10, 282, 414, 385, 122, 700, 478, 719, 158, 247, 742, 625, 782, 88, 81, 604, 459, 217, 123, 653, 367, 318, 501, 729, 374, 211, 99, 203, 249, 612, 711, 319, 361, 432, 435, 251, 8, 433, 710, 564, 714, 146, 371, 407, 92, 417, 277, 264, 575, 86, 229, 397, 166, 439, 390, 337, 228, 220, 608, 712, 87, 457, 77, 338, 46, 408, 168, 758, 375, 172, 115, 125, 657, 761, 248, 493, 726, 313, 581, 717, 34, 532, 487, 129, 208, 291, 580, 73, 191, 752, 473, 482, 601, 152, 155, 222, 49, 598, 573, 51, 676, 156, 746, 675, 563, 463, 164, 20, 571, 105, 37, 685, 235, 770, 529, 296, 69, 215, 317, 680, 695, 783, 219, 6, 718, 31, 14, 299, 440, 140, 535, 693, 56, 175, 468, 325, 450, 755, 574, 30, 649, 48, 70, 266, 748, 741, 331, 610, 29, 227, 45, 117, 467, 651, 262, 71, 713, 730, 170, 671, 504, 490, 570, 747, 202, 307, 431, 460, 268, 382, 305, 96, 443, 28, 107, 11, 386, 416, 559, 626, 405, 605, 295, 91, 687, 618, 378, 686, 187, 522, 644, 83, 672, 132, 486, 346, 255, 352, 110, 778, 343, 153, 534, 526, 678, 148, 278, 476, 223, 749, 334, 483, 241, 253, 769, 147, 188, 226, 540, 16, 76, 348, 63, 620, 773, 511, 525, 546, 455, 357, 527, 275, 578, 409, 426, 682, 341, 272, 436, 258, 97, 488, 53, 243, 506, 637, 326, 690, 720, 753, 684, 312, 157, 640, 444, 12, 32, 636, 75, 265, 756, 138, 5, 195, 366, 244, 531, 704, 587, 182, 288, 23, 345, 163, 135, 664, 517, 519, 66, 216, 774, 424, 630, 121, 445, 606, 133, 688, 359, 281, 427, 760, 365, 734, 149, 528, 772, 225, 242, 484, 617, 521, 213, 780, 635, 2, 21, 57, 270, 663, 267, 90, 451, 549, 633, 239, 395, 399, 289, 567, 232, 705, 85, 101, 512, 144, 44, 209, 252, 709, 607, 481, 246, 590, 98, 429, 533, 254, 566, 4, 727, 109, 543, 142, 250, 201, 550, 716, 668, 437, 230, 731, 27, 666, 47, 354, 641, 562, 7, 290, 197, 308, 33, 368, 256, 335, 297, 55, 670, 373, 536, 100, 64, 494, 520, 659, 328, 237, 673, 588, 569, 25, 321, 329, 261, 17, 781, 403, 360, 539, 322, 767, 15, 112, 316, 597, 161, 609, 173, 192, 185, 118, 555, 364, 472, 462, 404, 591, 320, 162, 592, 475, 513, 496, 411, 311, 159, 477, 541, 703, 323, 58, 733, 362, 732, 279, 697, 768, 302, 236, 514, 95, 349, 765, 516, 79, 461, 193, 554, 189, 722, 754, 301, 339, 413, 304, 18, 715, 391, 212, 355, 658, 1, 154, 645, 344, 380, 548, 542, 537, 52, 495, 602, 394, 498, 419, 766, 210, 80, 402, 54, 654, 350, 647, 530, 456, 292, 572, 300, 480, 393, 204, 363, 421, 218, 622, 401, 669, 661, 50, 94, 469, 356, 72, 479, 59, 565, 452, 74, 691, 271, 179, 336, 624, 458, 777, 36, 614, 545, 518, 621, 280, 207, 298, 315, 707, 579, 9, 68, 423, 104, 418, 737, 240, 124, 471, 102, 274, 701, 577, 177, 286, 263, 757, 167, 3, 260, 508, 723, 428, 721, 507, 623, 502, 438, 464, 137, 231, 595, 656, 116, 652, 422, 465, 26, 287, 557, 728, 665, 627, 500, 694, 410, 616, 180, 683, 660, 169, 93, 523, 396, 22, 696, 233, 735, 412, 259, 120, 324, 131, 447, 330, 353, 745, 629, 103, 398, 387, 425, 449, 474, 108, 303, 134, 470, 178, 171, 505, 293, 442, 779, 551, 145, 257, 743, 38, 141, 775, 441, 306, 454, 89, 205, 114, 273, 739, 599, 384, 389, 128, 681, 667, 358, 130, 589, 489, 771, 160, 466, 776, 65, 434, 340, 294, 415, 165, 370, 698, 750, 176, 139, 448, 327, 430, 283, 764, 702, 553, 377, 497, 381, 126, 314, 186, 347, 699, 560, 655, 388, 13, 43, 679, 736, 582, 576, 639, 674, 245, 600, 82, 634, 453, 78, 60, 677, 628, 613, 538, 174, 492, 642, 42, 406, 342, 515, 692, 200, 221, 738, 762, 503, 662, 284, 650, 40, 238, 603, 310, 400, 561, 62, 199, 150, 491, 593, 106, 648, 499, 547, 556, 151, 615, 119, 558, 420, 392, 309, 446, 214, 586, 276, 383, 369, 524, 285, 113, 689, 379, 585, 84, 24, 181, 67, 584, 632, 725]

### Epoch 1 ###
Average loss for epoch: 0.7410
Average train accuracy: 0.7149
Test accuracy:          0.7928
Runtime so far:         52 sec

### Epoch 2 ###
Average loss for epoch: 0.4581
Average train accuracy: 0.8310
Test accuracy:          0.8359
Runtime so far:         91 sec

### Epoch 3 ###
Average loss for epoch: 0.4095
Average train accuracy: 0.8485
Test accuracy:          0.8436
Runtime so far:         131 sec

### Epoch 4 ###
Average loss for epoch: 0.3855
Average train accuracy: 0.8564
Test accuracy:          0.8494
Runtime so far:         170 sec

### Epoch 5 ###
Average loss for epoch: 0.3643
Average train accuracy: 0.8656
Test accuracy:          0.8543
Runtime so far:         210 sec

### Epoch 6 ###
Average loss for epoch: 0.3499
Average train accuracy: 0.8694
Test accuracy:          0.8590
Runtime so far:         249 sec

### Epoch 7 ###
Average loss for epoch: 0.3376
Average train accuracy: 0.8741
Test accuracy:          0.8597
Runtime so far:         289 sec

### Epoch 8 ###
Average loss for epoch: 0.3283
Average train accuracy: 0.8775
Test accuracy:          0.8571
Runtime so far:         328 sec

### Epoch 9 ###
Average loss for epoch: 0.3193
Average train accuracy: 0.8809
Test accuracy:          0.8629
Runtime so far:         368 sec

### Epoch 10 ###
Average loss for epoch: 0.3101
Average train accuracy: 0.8836
Test accuracy:          0.8715
Runtime so far:         407 sec

### Epoch 11 ###
Average loss for epoch: 0.3027
Average train accuracy: 0.8857
Test accuracy:          0.8693
Runtime so far:         447 sec

### Epoch 12 ###
Average loss for epoch: 0.2954
Average train accuracy: 0.8889
Test accuracy:          0.8617
Runtime so far:         487 sec

### Epoch 13 ###
Average loss for epoch: 0.2900
Average train accuracy: 0.8906
Test accuracy:          0.8688
Runtime so far:         526 sec

### Epoch 14 ###
Average loss for epoch: 0.2826
Average train accuracy: 0.8937
Test accuracy:          0.8767
Runtime so far:         566 sec

### Epoch 15 ###
Average loss for epoch: 0.2754
Average train accuracy: 0.8959
Test accuracy:          0.8753
Runtime so far:         605 sec

### Epoch 16 ###
Average loss for epoch: 0.2694
Average train accuracy: 0.8977
Test accuracy:          0.8735
Runtime so far:         645 sec

### Epoch 17 ###
Average loss for epoch: 0.2639
Average train accuracy: 0.8995
Test accuracy:          0.8796
Runtime so far:         684 sec

### Epoch 18 ###
Average loss for epoch: 0.2595
Average train accuracy: 0.9013
Test accuracy:          0.8758
Runtime so far:         724 sec

### Epoch 19 ###
Average loss for epoch: 0.2535
Average train accuracy: 0.9027
Test accuracy:          0.8792
Runtime so far:         763 sec

### Epoch 20 ###
Average loss for epoch: 0.2467
Average train accuracy: 0.9061
Test accuracy:          0.8712
Runtime so far:         803 sec

### Epoch 21 ###
Average loss for epoch: 0.2142
Average train accuracy: 0.9178
Test accuracy:          0.8890
Runtime so far:         842 sec

### Epoch 22 ###
Average loss for epoch: 0.2069
Average train accuracy: 0.9208
Test accuracy:          0.8887
Runtime so far:         882 sec

### Epoch 23 ###
Average loss for epoch: 0.2045
Average train accuracy: 0.9221
Test accuracy:          0.8877
Runtime so far:         921 sec

### Epoch 24 ###
Average loss for epoch: 0.2030
Average train accuracy: 0.9223
Test accuracy:          0.8880
Runtime so far:         961 sec

### Epoch 25 ###
Average loss for epoch: 0.2010
Average train accuracy: 0.9231
Test accuracy:          0.8865
Runtime so far:         1000 sec

### Epoch 26 ###
Average loss for epoch: 0.1999
Average train accuracy: 0.9235
Test accuracy:          0.8864
Runtime so far:         1040 sec

### Epoch 27 ###
Average loss for epoch: 0.1985
Average train accuracy: 0.9240
Test accuracy:          0.8845
Runtime so far:         1079 sec

### Epoch 28 ###
Average loss for epoch: 0.1973
Average train accuracy: 0.9244
Test accuracy:          0.8871
Runtime so far:         1118 sec

### Epoch 29 ###
Average loss for epoch: 0.1959
Average train accuracy: 0.9252
Test accuracy:          0.8899
Runtime so far:         1158 sec

### Epoch 30 ###
Average loss for epoch: 0.1948
Average train accuracy: 0.9258
Test accuracy:          0.8872
Runtime so far:         1197 sec

### Epoch 31 ###
Average loss for epoch: 0.1938
Average train accuracy: 0.9251
Test accuracy:          0.8883
Runtime so far:         1237 sec

### Epoch 32 ###
Average loss for epoch: 0.1924
Average train accuracy: 0.9260
Test accuracy:          0.8855
Runtime so far:         1276 sec

### Epoch 33 ###
Average loss for epoch: 0.1915
Average train accuracy: 0.9262
Test accuracy:          0.8865
Runtime so far:         1315 sec

### Epoch 34 ###
Average loss for epoch: 0.1904
Average train accuracy: 0.9267
Test accuracy:          0.8874
Runtime so far:         1355 sec

### Epoch 35 ###
Average loss for epoch: 0.1889
Average train accuracy: 0.9278
Test accuracy:          0.8864
Runtime so far:         1394 sec

### Epoch 36 ###
Average loss for epoch: 0.1881
Average train accuracy: 0.9276
Test accuracy:          0.8866
Runtime so far:         1433 sec

### Epoch 37 ###
Average loss for epoch: 0.1872
Average train accuracy: 0.9282
Test accuracy:          0.8861
Runtime so far:         1473 sec

### Epoch 38 ###
Average loss for epoch: 0.1861
Average train accuracy: 0.9296
Test accuracy:          0.8868
Runtime so far:         1512 sec

### Epoch 39 ###
Average loss for epoch: 0.1845
Average train accuracy: 0.9291
Test accuracy:          0.8869
Runtime so far:         1551 sec

### Epoch 40 ###
Average loss for epoch: 0.1838
Average train accuracy: 0.9296
Test accuracy:          0.8853
Runtime so far:         1591 sec

### Epoch 41 ###
Average loss for epoch: 0.1785
Average train accuracy: 0.9322
Test accuracy:          0.8867
Runtime so far:         1630 sec

### Epoch 42 ###
Average loss for epoch: 0.1775
Average train accuracy: 0.9324
Test accuracy:          0.8872
Runtime so far:         1669 sec

### Epoch 43 ###
Average loss for epoch: 0.1773
Average train accuracy: 0.9326
Test accuracy:          0.8874
Runtime so far:         1709 sec

### Epoch 44 ###
Average loss for epoch: 0.1772
Average train accuracy: 0.9325
Test accuracy:          0.8870
Runtime so far:         1748 sec

### Epoch 45 ###
Average loss for epoch: 0.1770
Average train accuracy: 0.9325
Test accuracy:          0.8873
Runtime so far:         1788 sec

### Epoch 46 ###
Average loss for epoch: 0.1769
Average train accuracy: 0.9327
Test accuracy:          0.8871
Runtime so far:         1827 sec

### Epoch 47 ###
Average loss for epoch: 0.1767
Average train accuracy: 0.9328
Test accuracy:          0.8867
Runtime so far:         1866 sec

### Epoch 48 ###
Average loss for epoch: 0.1766
Average train accuracy: 0.9326
Test accuracy:          0.8878
Runtime so far:         1906 sec

### Epoch 49 ###
Average loss for epoch: 0.1765
Average train accuracy: 0.9329
Test accuracy:          0.8871
Runtime so far:         1945 sec

### Epoch 50 ###
Average loss for epoch: 0.1764
Average train accuracy: 0.9329
Test accuracy:          0.8871
Runtime so far:         1984 sec

### Epoch 51 ###
Average loss for epoch: 0.1762
Average train accuracy: 0.9327
Test accuracy:          0.8868
Runtime so far:         2024 sec

### Epoch 52 ###
Average loss for epoch: 0.1761
Average train accuracy: 0.9331
Test accuracy:          0.8873
Runtime so far:         2063 sec

### Epoch 53 ###
Average loss for epoch: 0.1760
Average train accuracy: 0.9330
Test accuracy:          0.8879
Runtime so far:         2102 sec

### Epoch 54 ###
Average loss for epoch: 0.1758
Average train accuracy: 0.9331
Test accuracy:          0.8877
Runtime so far:         2142 sec

### Epoch 55 ###
Average loss for epoch: 0.1757
Average train accuracy: 0.9330
Test accuracy:          0.8873
Runtime so far:         2181 sec

### Epoch 56 ###
Average loss for epoch: 0.1756
Average train accuracy: 0.9327
Test accuracy:          0.8877
Runtime so far:         2220 sec

### Epoch 57 ###
Average loss for epoch: 0.1755
Average train accuracy: 0.9332
Test accuracy:          0.8868
Runtime so far:         2260 sec

### Epoch 58 ###
Average loss for epoch: 0.1753
Average train accuracy: 0.9335
Test accuracy:          0.8871
Runtime so far:         2300 sec

### Epoch 59 ###
Average loss for epoch: 0.1752
Average train accuracy: 0.9332
Test accuracy:          0.8871
Runtime so far:         2340 sec

### Epoch 60 ###
Average loss for epoch: 0.1751
Average train accuracy: 0.9334
Test accuracy:          0.8870
Runtime so far:         2379 sec

