THIS TRIAL'S ALL PARAMETERS
bond_dim = 100
adaptive_mode = False
periodic_bc = False
init_std = 1e-09
num_train = 60000
num_test = 10000
batch_size = 100
num_epochs = 60
learning_rate = 0.0001
l2_reg = 0.0
merge_threshold = 2000
cutoff = 1e-10
Using device: cuda:0
Learning rate scheduler in use
Training on MNIST
Training with MSE loss

path = None

### Epoch 1 ###
Average loss for epoch: 0.0872
Average train error:    0.4897
Test error:             0.0726
Runtime so far:         455 sec

### Epoch 2 ###
Average loss for epoch: 0.0134
Average train error:    0.0463
Test error:             0.0280
Runtime so far:         897 sec

### Epoch 3 ###
Average loss for epoch: 0.0090
Average train error:    0.0259
Test error:             0.0238
Runtime so far:         1340 sec

### Epoch 4 ###
Average loss for epoch: 0.0074
Average train error:    0.0203
Test error:             0.0192
Runtime so far:         1782 sec

### Epoch 5 ###
Average loss for epoch: 0.0065
Average train error:    0.0160
Test error:             0.0167
Runtime so far:         2224 sec

### Epoch 6 ###
Average loss for epoch: 0.0057
Average train error:    0.0135
Test error:             0.0151
Runtime so far:         2666 sec

### Epoch 7 ###
Average loss for epoch: 0.0052
Average train error:    0.0112
Test error:             0.0144
Runtime so far:         3108 sec

### Epoch 8 ###
Average loss for epoch: 0.0048
Average train error:    0.0097
Test error:             0.0147
Runtime so far:         3550 sec

### Epoch 9 ###
Average loss for epoch: 0.0046
Average train error:    0.0086
Test error:             0.0131
Runtime so far:         3992 sec

### Epoch 10 ###
Average loss for epoch: 0.0043
Average train error:    0.0071
Test error:             0.0140
Runtime so far:         4434 sec

### Epoch 11 ###
Average loss for epoch: 0.0040
Average train error:    0.0066
Test error:             0.0135
Runtime so far:         4877 sec

### Epoch 12 ###
Average loss for epoch: 0.0038
Average train error:    0.0055
Test error:             0.0133
Runtime so far:         5319 sec

### Epoch 13 ###
Average loss for epoch: 0.0037
Average train error:    0.0052
Test error:             0.0122
Runtime so far:         5761 sec

### Epoch 14 ###
Average loss for epoch: 0.0035
Average train error:    0.0046
Test error:             0.0143
Runtime so far:         6203 sec

### Epoch 15 ###
Average loss for epoch: 0.0033
Average train error:    0.0040
Test error:             0.0112
Runtime so far:         6645 sec

### Epoch 16 ###
Average loss for epoch: 0.0032
Average train error:    0.0034
Test error:             0.0116
Runtime so far:         7087 sec

### Epoch 17 ###
Average loss for epoch: 0.0031
Average train error:    0.0030
Test error:             0.0122
Runtime so far:         7529 sec

### Epoch 18 ###
Average loss for epoch: 0.0029
Average train error:    0.0026
Test error:             0.0123
Runtime so far:         7971 sec

### Epoch 19 ###
Average loss for epoch: 0.0028
Average train error:    0.0025
Test error:             0.0125
Runtime so far:         8414 sec

### Epoch 20 ###
Average loss for epoch: 0.0026
Average train error:    0.0022
Test error:             0.0120
Runtime so far:         8856 sec

### Epoch 21 ###
Average loss for epoch: 0.0014
Average train error:    0.0013
Test error:             0.0106
Runtime so far:         9298 sec

### Epoch 22 ###
Average loss for epoch: 0.0011
Average train error:    0.0009
Test error:             0.0108
Runtime so far:         9740 sec

### Epoch 23 ###
Average loss for epoch: 0.0010
Average train error:    0.0008
Test error:             0.0111
Runtime so far:         10182 sec

### Epoch 24 ###
Average loss for epoch: 0.0010
Average train error:    0.0006
Test error:             0.0109
Runtime so far:         10624 sec

### Epoch 25 ###
Average loss for epoch: 0.0009
Average train error:    0.0006
Test error:             0.0111
Runtime so far:         11066 sec

### Epoch 26 ###
Average loss for epoch: 0.0009
Average train error:    0.0005
Test error:             0.0110
Runtime so far:         11508 sec

### Epoch 27 ###
Average loss for epoch: 0.0008
Average train error:    0.0004
Test error:             0.0108
Runtime so far:         11950 sec

### Epoch 28 ###
Average loss for epoch: 0.0008
Average train error:    0.0004
Test error:             0.0107
Runtime so far:         12393 sec

### Epoch 29 ###
Average loss for epoch: 0.0007
Average train error:    0.0004
Test error:             0.0107
Runtime so far:         12835 sec

### Epoch 30 ###
Average loss for epoch: 0.0007
Average train error:    0.0003
Test error:             0.0109
Runtime so far:         13277 sec

### Epoch 31 ###
Average loss for epoch: 0.0007
Average train error:    0.0002
Test error:             0.0105
Runtime so far:         13719 sec

### Epoch 32 ###
Average loss for epoch: 0.0006
Average train error:    0.0002
Test error:             0.0107
Runtime so far:         14161 sec

### Epoch 33 ###
Average loss for epoch: 0.0006
Average train error:    0.0002
Test error:             0.0109
Runtime so far:         14603 sec

### Epoch 34 ###
Average loss for epoch: 0.0006
Average train error:    0.0002
Test error:             0.0105
Runtime so far:         15045 sec

### Epoch 35 ###
Average loss for epoch: 0.0005
Average train error:    0.0001
Test error:             0.0107
Runtime so far:         15488 sec

### Epoch 36 ###
Average loss for epoch: 0.0005
Average train error:    0.0002
Test error:             0.0106
Runtime so far:         15930 sec

### Epoch 37 ###
Average loss for epoch: 0.0005
Average train error:    0.0001
Test error:             0.0109
Runtime so far:         16372 sec

### Epoch 38 ###
Average loss for epoch: 0.0005
Average train error:    0.0001
Test error:             0.0108
Runtime so far:         16814 sec

### Epoch 39 ###
Average loss for epoch: 0.0004
Average train error:    0.0001
Test error:             0.0104
Runtime so far:         17256 sec

### Epoch 40 ###
Average loss for epoch: 0.0004
Average train error:    0.0001
Test error:             0.0112
Runtime so far:         17698 sec

### Epoch 41 ###
Average loss for epoch: 0.0003
Average train error:    0.0000
Test error:             0.0112
Runtime so far:         18141 sec

### Epoch 42 ###
Average loss for epoch: 0.0003
Average train error:    0.0000
Test error:             0.0111
Runtime so far:         18583 sec

### Epoch 43 ###
Average loss for epoch: 0.0003
Average train error:    0.0000
Test error:             0.0108
Runtime so far:         19025 sec

### Epoch 44 ###
Average loss for epoch: 0.0003
Average train error:    0.0000
Test error:             0.0110
Runtime so far:         19466 sec

### Epoch 45 ###
Average loss for epoch: 0.0003
Average train error:    0.0000
Test error:             0.0108
Runtime so far:         19909 sec

### Epoch 46 ###
Average loss for epoch: 0.0003
Average train error:    0.0000
Test error:             0.0109
Runtime so far:         20350 sec

### Epoch 47 ###
Average loss for epoch: 0.0003
Average train error:    0.0000
Test error:             0.0111
Runtime so far:         20792 sec

### Epoch 48 ###
Average loss for epoch: 0.0003
Average train error:    0.0000
Test error:             0.0110
Runtime so far:         21234 sec

### Epoch 49 ###
Average loss for epoch: 0.0003
Average train error:    0.0000
Test error:             0.0109
Runtime so far:         21676 sec

### Epoch 50 ###
Average loss for epoch: 0.0003
Average train error:    0.0000
Test error:             0.0110
Runtime so far:         22118 sec

### Epoch 51 ###
Average loss for epoch: 0.0003
Average train error:    0.0000
Test error:             0.0110
Runtime so far:         22560 sec

### Epoch 52 ###
Average loss for epoch: 0.0003
Average train error:    0.0000
Test error:             0.0109
Runtime so far:         23002 sec

### Epoch 53 ###
Average loss for epoch: 0.0003
Average train error:    0.0000
Test error:             0.0109
Runtime so far:         23443 sec

### Epoch 54 ###
Average loss for epoch: 0.0002
Average train error:    0.0000
Test error:             0.0109
Runtime so far:         23885 sec

### Epoch 55 ###
Average loss for epoch: 0.0002
Average train error:    0.0000
Test error:             0.0111
Runtime so far:         24327 sec

### Epoch 56 ###
Average loss for epoch: 0.0002
Average train error:    0.0000
Test error:             0.0110
Runtime so far:         24769 sec

### Epoch 57 ###
Average loss for epoch: 0.0002
Average train error:    0.0000
Test error:             0.0109
Runtime so far:         25211 sec

### Epoch 58 ###
Average loss for epoch: 0.0002
Average train error:    0.0000
Test error:             0.0112
Runtime so far:         25652 sec

### Epoch 59 ###
Average loss for epoch: 0.0002
Average train error:    0.0000
Test error:             0.0112
Runtime so far:         26094 sec

### Epoch 60 ###
Average loss for epoch: 0.0002
Average train error:    0.0000
Test error:             0.0110
Runtime so far:         26536 sec

