THIS TRIAL'S ALL PARAMETERS
bond_dim = 10
adaptive_mode = False
periodic_bc = False
init_std = 1e-09
num_train = 60000
num_test = 10000
batch_size = 100
num_epochs = 60
learning_rate = 0.0001
l2_reg = 0.0
merge_threshold = 2000
cutoff = 1e-10
Using device: cuda:0
Learning rate scheduler in use
Training on MNIST
Training with MSE loss

path = None

### Epoch 1 ###
Average loss for epoch: 0.0941
Average train error:    0.8661
Test error:             0.6450
Runtime so far:         53 sec

### Epoch 2 ###
Average loss for epoch: 0.0517
Average train error:    0.3786
Test error:             0.2659
Runtime so far:         96 sec

### Epoch 3 ###
Average loss for epoch: 0.0353
Average train error:    0.2055
Test error:             0.1415
Runtime so far:         138 sec

### Epoch 4 ###
Average loss for epoch: 0.0261
Average train error:    0.1218
Test error:             0.0991
Runtime so far:         180 sec

### Epoch 5 ###
Average loss for epoch: 0.0218
Average train error:    0.0955
Test error:             0.0842
Runtime so far:         222 sec

### Epoch 6 ###
Average loss for epoch: 0.0196
Average train error:    0.0832
Test error:             0.0736
Runtime so far:         264 sec

### Epoch 7 ###
Average loss for epoch: 0.0180
Average train error:    0.0742
Test error:             0.0704
Runtime so far:         305 sec

### Epoch 8 ###
Average loss for epoch: 0.0168
Average train error:    0.0669
Test error:             0.0626
Runtime so far:         347 sec

### Epoch 9 ###
Average loss for epoch: 0.0155
Average train error:    0.0589
Test error:             0.0573
Runtime so far:         389 sec

### Epoch 10 ###
Average loss for epoch: 0.0144
Average train error:    0.0539
Test error:             0.0527
Runtime so far:         430 sec

### Epoch 11 ###
Average loss for epoch: 0.0135
Average train error:    0.0490
Test error:             0.0478
Runtime so far:         472 sec

### Epoch 12 ###
Average loss for epoch: 0.0128
Average train error:    0.0459
Test error:             0.0439
Runtime so far:         513 sec

### Epoch 13 ###
Average loss for epoch: 0.0122
Average train error:    0.0437
Test error:             0.0443
Runtime so far:         555 sec

### Epoch 14 ###
Average loss for epoch: 0.0118
Average train error:    0.0415
Test error:             0.0431
Runtime so far:         597 sec

### Epoch 15 ###
Average loss for epoch: 0.0113
Average train error:    0.0398
Test error:             0.0410
Runtime so far:         638 sec

### Epoch 16 ###
Average loss for epoch: 0.0110
Average train error:    0.0386
Test error:             0.0398
Runtime so far:         680 sec

### Epoch 17 ###
Average loss for epoch: 0.0106
Average train error:    0.0374
Test error:             0.0389
Runtime so far:         721 sec

### Epoch 18 ###
Average loss for epoch: 0.0104
Average train error:    0.0357
Test error:             0.0372
Runtime so far:         763 sec

### Epoch 19 ###
Average loss for epoch: 0.0101
Average train error:    0.0347
Test error:             0.0366
Runtime so far:         805 sec

### Epoch 20 ###
Average loss for epoch: 0.0098
Average train error:    0.0331
Test error:             0.0377
Runtime so far:         847 sec

### Epoch 21 ###
Average loss for epoch: 0.0090
Average train error:    0.0314
Test error:             0.0357
Runtime so far:         888 sec

### Epoch 22 ###
Average loss for epoch: 0.0089
Average train error:    0.0309
Test error:             0.0358
Runtime so far:         930 sec

### Epoch 23 ###
Average loss for epoch: 0.0089
Average train error:    0.0305
Test error:             0.0350
Runtime so far:         971 sec

### Epoch 24 ###
Average loss for epoch: 0.0089
Average train error:    0.0305
Test error:             0.0352
Runtime so far:         1013 sec

### Epoch 25 ###
Average loss for epoch: 0.0088
Average train error:    0.0304
Test error:             0.0357
Runtime so far:         1055 sec

### Epoch 26 ###
Average loss for epoch: 0.0088
Average train error:    0.0303
Test error:             0.0354
Runtime so far:         1096 sec

### Epoch 27 ###
Average loss for epoch: 0.0088
Average train error:    0.0301
Test error:             0.0357
Runtime so far:         1138 sec

### Epoch 28 ###
Average loss for epoch: 0.0087
Average train error:    0.0299
Test error:             0.0354
Runtime so far:         1180 sec

### Epoch 29 ###
Average loss for epoch: 0.0087
Average train error:    0.0298
Test error:             0.0350
Runtime so far:         1221 sec

### Epoch 30 ###
Average loss for epoch: 0.0087
Average train error:    0.0295
Test error:             0.0356
Runtime so far:         1263 sec

### Epoch 31 ###
Average loss for epoch: 0.0087
Average train error:    0.0294
Test error:             0.0355
Runtime so far:         1305 sec

### Epoch 32 ###
Average loss for epoch: 0.0086
Average train error:    0.0292
Test error:             0.0349
Runtime so far:         1346 sec

### Epoch 33 ###
Average loss for epoch: 0.0086
Average train error:    0.0293
Test error:             0.0348
Runtime so far:         1388 sec

### Epoch 34 ###
Average loss for epoch: 0.0086
Average train error:    0.0294
Test error:             0.0346
Runtime so far:         1430 sec

### Epoch 35 ###
Average loss for epoch: 0.0085
Average train error:    0.0291
Test error:             0.0349
Runtime so far:         1472 sec

### Epoch 36 ###
Average loss for epoch: 0.0085
Average train error:    0.0288
Test error:             0.0348
Runtime so far:         1514 sec

### Epoch 37 ###
Average loss for epoch: 0.0085
Average train error:    0.0285
Test error:             0.0345
Runtime so far:         1555 sec

### Epoch 38 ###
Average loss for epoch: 0.0085
Average train error:    0.0286
Test error:             0.0348
Runtime so far:         1597 sec

### Epoch 39 ###
Average loss for epoch: 0.0084
Average train error:    0.0286
Test error:             0.0342
Runtime so far:         1639 sec

### Epoch 40 ###
Average loss for epoch: 0.0084
Average train error:    0.0286
Test error:             0.0342
Runtime so far:         1680 sec

### Epoch 41 ###
Average loss for epoch: 0.0083
Average train error:    0.0283
Test error:             0.0342
Runtime so far:         1722 sec

### Epoch 42 ###
Average loss for epoch: 0.0083
Average train error:    0.0283
Test error:             0.0346
Runtime so far:         1764 sec

### Epoch 43 ###
Average loss for epoch: 0.0083
Average train error:    0.0283
Test error:             0.0347
Runtime so far:         1805 sec

### Epoch 44 ###
Average loss for epoch: 0.0083
Average train error:    0.0283
Test error:             0.0342
Runtime so far:         1847 sec

### Epoch 45 ###
Average loss for epoch: 0.0083
Average train error:    0.0283
Test error:             0.0344
Runtime so far:         1889 sec

### Epoch 46 ###
Average loss for epoch: 0.0083
Average train error:    0.0283
Test error:             0.0346
Runtime so far:         1930 sec

### Epoch 47 ###
Average loss for epoch: 0.0083
Average train error:    0.0282
Test error:             0.0344
Runtime so far:         1972 sec

### Epoch 48 ###
Average loss for epoch: 0.0083
Average train error:    0.0282
Test error:             0.0343
Runtime so far:         2014 sec

### Epoch 49 ###
Average loss for epoch: 0.0083
Average train error:    0.0282
Test error:             0.0344
Runtime so far:         2057 sec

### Epoch 50 ###
Average loss for epoch: 0.0083
Average train error:    0.0282
Test error:             0.0340
Runtime so far:         2098 sec

### Epoch 51 ###
Average loss for epoch: 0.0083
Average train error:    0.0280
Test error:             0.0343
Runtime so far:         2140 sec

### Epoch 52 ###
Average loss for epoch: 0.0083
Average train error:    0.0281
Test error:             0.0344
Runtime so far:         2181 sec

### Epoch 53 ###
Average loss for epoch: 0.0083
Average train error:    0.0282
Test error:             0.0344
Runtime so far:         2223 sec

### Epoch 54 ###
Average loss for epoch: 0.0083
Average train error:    0.0281
Test error:             0.0343
Runtime so far:         2265 sec

### Epoch 55 ###
Average loss for epoch: 0.0083
Average train error:    0.0281
Test error:             0.0343
Runtime so far:         2307 sec

### Epoch 56 ###
Average loss for epoch: 0.0083
Average train error:    0.0281
Test error:             0.0346
Runtime so far:         2349 sec

### Epoch 57 ###
Average loss for epoch: 0.0083
Average train error:    0.0280
Test error:             0.0344
Runtime so far:         2391 sec

### Epoch 58 ###
Average loss for epoch: 0.0082
Average train error:    0.0281
Test error:             0.0345
Runtime so far:         2433 sec

### Epoch 59 ###
Average loss for epoch: 0.0082
Average train error:    0.0280
Test error:             0.0343
Runtime so far:         2474 sec

### Epoch 60 ###
Average loss for epoch: 0.0082
Average train error:    0.0281
Test error:             0.0342
Runtime so far:         2517 sec

