THIS TRIAL'S ALL PARAMETERS
bond_dim = 20
adaptive_mode = False
periodic_bc = False
init_std = 1e-09
num_train = 60000
num_test = 10000
batch_size = 100
num_epochs = 60
learning_rate = 0.0001
l2_reg = 0.0
merge_threshold = 2000
cutoff = 1e-10
Using device: cuda:0
Learning rate scheduler in use
Training on MNIST
Training with MSE loss

path = None

### Epoch 1 ###
Average loss for epoch: 0.0911
Average train error:    0.8138
Test error:             0.5485
Runtime so far:         64 sec

### Epoch 2 ###
Average loss for epoch: 0.0383
Average train error:    0.2228
Test error:             0.1008
Runtime so far:         117 sec

### Epoch 3 ###
Average loss for epoch: 0.0206
Average train error:    0.0865
Test error:             0.0673
Runtime so far:         170 sec

### Epoch 4 ###
Average loss for epoch: 0.0157
Average train error:    0.0584
Test error:             0.0493
Runtime so far:         223 sec

### Epoch 5 ###
Average loss for epoch: 0.0129
Average train error:    0.0448
Test error:             0.0385
Runtime so far:         275 sec

### Epoch 6 ###
Average loss for epoch: 0.0112
Average train error:    0.0363
Test error:             0.0333
Runtime so far:         327 sec

### Epoch 7 ###
Average loss for epoch: 0.0098
Average train error:    0.0310
Test error:             0.0276
Runtime so far:         379 sec

### Epoch 8 ###
Average loss for epoch: 0.0089
Average train error:    0.0271
Test error:             0.0248
Runtime so far:         431 sec

### Epoch 9 ###
Average loss for epoch: 0.0081
Average train error:    0.0233
Test error:             0.0237
Runtime so far:         483 sec

### Epoch 10 ###
Average loss for epoch: 0.0075
Average train error:    0.0208
Test error:             0.0212
Runtime so far:         535 sec

### Epoch 11 ###
Average loss for epoch: 0.0070
Average train error:    0.0194
Test error:             0.0204
Runtime so far:         588 sec

### Epoch 12 ###
Average loss for epoch: 0.0066
Average train error:    0.0177
Test error:             0.0185
Runtime so far:         639 sec

### Epoch 13 ###
Average loss for epoch: 0.0063
Average train error:    0.0166
Test error:             0.0187
Runtime so far:         692 sec

### Epoch 14 ###
Average loss for epoch: 0.0060
Average train error:    0.0155
Test error:             0.0201
Runtime so far:         744 sec

### Epoch 15 ###
Average loss for epoch: 0.0057
Average train error:    0.0142
Test error:             0.0169
Runtime so far:         796 sec

### Epoch 16 ###
Average loss for epoch: 0.0055
Average train error:    0.0132
Test error:             0.0174
Runtime so far:         848 sec

### Epoch 17 ###
Average loss for epoch: 0.0053
Average train error:    0.0124
Test error:             0.0161
Runtime so far:         900 sec

### Epoch 18 ###
Average loss for epoch: 0.0051
Average train error:    0.0118
Test error:             0.0169
Runtime so far:         952 sec

### Epoch 19 ###
Average loss for epoch: 0.0050
Average train error:    0.0107
Test error:             0.0171
Runtime so far:         1004 sec

### Epoch 20 ###
Average loss for epoch: 0.0048
Average train error:    0.0101
Test error:             0.0151
Runtime so far:         1056 sec

### Epoch 21 ###
Average loss for epoch: 0.0039
Average train error:    0.0087
Test error:             0.0146
Runtime so far:         1108 sec

### Epoch 22 ###
Average loss for epoch: 0.0037
Average train error:    0.0082
Test error:             0.0140
Runtime so far:         1160 sec

### Epoch 23 ###
Average loss for epoch: 0.0037
Average train error:    0.0079
Test error:             0.0138
Runtime so far:         1212 sec

### Epoch 24 ###
Average loss for epoch: 0.0037
Average train error:    0.0078
Test error:             0.0137
Runtime so far:         1263 sec

### Epoch 25 ###
Average loss for epoch: 0.0037
Average train error:    0.0078
Test error:             0.0142
Runtime so far:         1315 sec

### Epoch 26 ###
Average loss for epoch: 0.0036
Average train error:    0.0077
Test error:             0.0139
Runtime so far:         1367 sec

### Epoch 27 ###
Average loss for epoch: 0.0036
Average train error:    0.0077
Test error:             0.0143
Runtime so far:         1419 sec

### Epoch 28 ###
Average loss for epoch: 0.0036
Average train error:    0.0076
Test error:             0.0138
Runtime so far:         1471 sec

### Epoch 29 ###
Average loss for epoch: 0.0036
Average train error:    0.0073
Test error:             0.0143
Runtime so far:         1523 sec

### Epoch 30 ###
Average loss for epoch: 0.0035
Average train error:    0.0073
Test error:             0.0136
Runtime so far:         1574 sec

### Epoch 31 ###
Average loss for epoch: 0.0035
Average train error:    0.0072
Test error:             0.0140
Runtime so far:         1626 sec

### Epoch 32 ###
Average loss for epoch: 0.0035
Average train error:    0.0072
Test error:             0.0134
Runtime so far:         1679 sec

### Epoch 33 ###
Average loss for epoch: 0.0035
Average train error:    0.0069
Test error:             0.0138
Runtime so far:         1730 sec

### Epoch 34 ###
Average loss for epoch: 0.0035
Average train error:    0.0071
Test error:             0.0138
Runtime so far:         1781 sec

### Epoch 35 ###
Average loss for epoch: 0.0034
Average train error:    0.0070
Test error:             0.0135
Runtime so far:         1833 sec

### Epoch 36 ###
Average loss for epoch: 0.0034
Average train error:    0.0067
Test error:             0.0137
Runtime so far:         1885 sec

### Epoch 37 ###
Average loss for epoch: 0.0034
Average train error:    0.0066
Test error:             0.0131
Runtime so far:         1937 sec

### Epoch 38 ###
Average loss for epoch: 0.0034
Average train error:    0.0067
Test error:             0.0136
Runtime so far:         1989 sec

### Epoch 39 ###
Average loss for epoch: 0.0034
Average train error:    0.0065
Test error:             0.0135
Runtime so far:         2040 sec

### Epoch 40 ###
Average loss for epoch: 0.0034
Average train error:    0.0064
Test error:             0.0136
Runtime so far:         2092 sec

### Epoch 41 ###
Average loss for epoch: 0.0033
Average train error:    0.0061
Test error:             0.0133
Runtime so far:         2144 sec

### Epoch 42 ###
Average loss for epoch: 0.0032
Average train error:    0.0061
Test error:             0.0134
Runtime so far:         2196 sec

### Epoch 43 ###
Average loss for epoch: 0.0032
Average train error:    0.0061
Test error:             0.0132
Runtime so far:         2247 sec

### Epoch 44 ###
Average loss for epoch: 0.0032
Average train error:    0.0061
Test error:             0.0132
Runtime so far:         2299 sec

### Epoch 45 ###
Average loss for epoch: 0.0032
Average train error:    0.0061
Test error:             0.0131
Runtime so far:         2352 sec

### Epoch 46 ###
Average loss for epoch: 0.0032
Average train error:    0.0060
Test error:             0.0132
Runtime so far:         2403 sec

### Epoch 47 ###
Average loss for epoch: 0.0032
Average train error:    0.0061
Test error:             0.0133
Runtime so far:         2455 sec

### Epoch 48 ###
Average loss for epoch: 0.0032
Average train error:    0.0060
Test error:             0.0130
Runtime so far:         2507 sec

### Epoch 49 ###
Average loss for epoch: 0.0032
Average train error:    0.0060
Test error:             0.0133
Runtime so far:         2558 sec

### Epoch 50 ###
Average loss for epoch: 0.0032
Average train error:    0.0060
Test error:             0.0131
Runtime so far:         2610 sec

### Epoch 51 ###
Average loss for epoch: 0.0032
Average train error:    0.0060
Test error:             0.0130
Runtime so far:         2661 sec

### Epoch 52 ###
Average loss for epoch: 0.0032
Average train error:    0.0060
Test error:             0.0131
Runtime so far:         2713 sec

### Epoch 53 ###
Average loss for epoch: 0.0032
Average train error:    0.0060
Test error:             0.0130
Runtime so far:         2764 sec

### Epoch 54 ###
Average loss for epoch: 0.0032
Average train error:    0.0060
Test error:             0.0129
Runtime so far:         2815 sec

### Epoch 55 ###
Average loss for epoch: 0.0032
Average train error:    0.0060
Test error:             0.0130
Runtime so far:         2867 sec

### Epoch 56 ###
Average loss for epoch: 0.0032
Average train error:    0.0059
Test error:             0.0131
Runtime so far:         2919 sec

### Epoch 57 ###
Average loss for epoch: 0.0032
Average train error:    0.0059
Test error:             0.0131
Runtime so far:         2971 sec

### Epoch 58 ###
Average loss for epoch: 0.0032
Average train error:    0.0060
Test error:             0.0131
Runtime so far:         3022 sec

### Epoch 59 ###
Average loss for epoch: 0.0032
Average train error:    0.0060
Test error:             0.0130
Runtime so far:         3074 sec

### Epoch 60 ###
Average loss for epoch: 0.0032
Average train error:    0.0059
Test error:             0.0130
Runtime so far:         3125 sec

