THIS TRIAL'S ALL PARAMETERS
bond_dim = 10
adaptive_mode = False
periodic_bc = False
init_std = 1.0
num_train = 60000
num_test = 10000
batch_size = 100
num_epochs = 60
learning_rate = 0.0001
l2_reg = 0.0
merge_threshold = 2000
cutoff = 1e-10
Using device: cuda:0
Learning rate scheduler in use
Training on MNIST
Training with cross entropy loss

path = [666, 489, 658, 538, 270, 277, 127, 27, 303, 723, 339, 179, 347, 414, 47, 266, 92, 648, 671, 757, 49, 505, 554, 436, 141, 700, 421, 547, 773, 771, 257, 701, 153, 181, 359, 451, 485, 18, 482, 393, 710, 607, 647, 191, 513, 151, 438, 138, 184, 491, 741, 519, 253, 782, 592, 752, 725, 707, 427, 247, 130, 552, 404, 144, 62, 364, 187, 484, 344, 368, 712, 584, 147, 573, 446, 587, 333, 168, 318, 455, 468, 449, 17, 530, 211, 389, 35, 103, 320, 119, 503, 679, 722, 381, 292, 727, 41, 499, 661, 176, 458, 500, 465, 57, 5, 653, 93, 514, 522, 520, 765, 714, 251, 350, 650, 26, 433, 637, 601, 628, 4, 479, 50, 756, 646, 185, 2, 218, 373, 413, 63, 265, 273, 319, 328, 508, 783, 762, 166, 115, 332, 763, 108, 73, 504, 231, 379, 80, 325, 242, 454, 559, 574, 1, 779, 398, 502, 705, 486, 278, 240, 42, 315, 209, 708, 349, 764, 719, 649, 326, 217, 551, 232, 677, 357, 221, 678, 593, 246, 369, 338, 269, 755, 534, 580, 549, 146, 737, 331, 595, 460, 448, 525, 620, 527, 197, 14, 619, 129, 68, 441, 742, 37, 76, 497, 690, 133, 125, 128, 641, 758, 324, 561, 279, 744, 511, 25, 323, 307, 623, 493, 260, 69, 706, 362, 463, 731, 262, 777, 478, 570, 268, 91, 509, 423, 603, 52, 769, 361, 117, 568, 425, 78, 139, 286, 711, 134, 21, 614, 196, 753, 544, 86, 600, 137, 652, 33, 539, 754, 475, 311, 715, 84, 721, 563, 682, 435, 169, 703, 132, 135, 207, 3, 285, 630, 591, 761, 492, 716, 537, 375, 759, 99, 495, 517, 626, 55, 689, 461, 457, 740, 360, 612, 687, 177, 540, 745, 346, 216, 107, 337, 434, 214, 100, 512, 85, 480, 110, 529, 569, 198, 15, 175, 106, 575, 673, 165, 243, 644, 250, 96, 605, 195, 602, 310, 424, 767, 276, 663, 374, 770, 388, 145, 22, 19, 429, 31, 56, 226, 566, 749, 293, 386, 222, 210, 643, 437, 0, 89, 616, 558, 476, 426, 365, 717, 735, 294, 686, 681, 440, 384, 642, 23, 116, 732, 313, 583, 299, 199, 766, 189, 161, 488, 718, 780, 510, 205, 8, 336, 121, 163, 736, 699, 200, 473, 11, 466, 577, 747, 693, 726, 411, 289, 617, 70, 94, 394, 615, 516, 772, 156, 598, 621, 160, 526, 431, 201, 215, 298, 588, 655, 280, 556, 40, 334, 60, 585, 193, 610, 597, 61, 88, 694, 604, 535, 376, 408, 301, 639, 59, 370, 172, 417, 724, 676, 227, 472, 174, 186, 675, 471, 533, 159, 410, 734, 390, 578, 234, 264, 192, 378, 345, 691, 45, 572, 157, 225, 291, 439, 230, 259, 409, 237, 148, 28, 402, 531, 143, 608, 29, 555, 634, 590, 206, 567, 728, 358, 308, 190, 387, 507, 733, 371, 164, 271, 635, 631, 380, 366, 67, 377, 565, 420, 44, 474, 594, 696, 348, 194, 341, 66, 170, 627, 236, 228, 241, 470, 781, 6, 548, 32, 183, 101, 212, 553, 487, 430, 713, 58, 442, 496, 104, 702, 654, 443, 83, 351, 467, 306, 664, 581, 305, 275, 182, 75, 300, 667, 120, 695, 586, 113, 415, 668, 38, 750, 72, 340, 582, 249, 152, 400, 367, 543, 136, 123, 267, 252, 178, 613, 469, 297, 730, 87, 356, 391, 453, 102, 589, 680, 383, 142, 81, 118, 532, 261, 709, 459, 536, 112, 692, 609, 462, 541, 523, 382, 444, 760, 776, 494, 162, 669, 399, 571, 281, 596, 498, 224, 150, 304, 188, 239, 7, 738, 618, 684, 173, 748, 428, 355, 557, 564, 46, 309, 456, 213, 39, 542, 445, 233, 406, 599, 490, 622, 274, 53, 126, 506, 284, 79, 90, 401, 739, 98, 452, 579, 122, 124, 464, 774, 288, 158, 743, 74, 697, 254, 392, 140, 638, 385, 501, 688, 660, 330, 751, 683, 105, 342, 625, 219, 447, 363, 12, 208, 314, 258, 528, 295, 768, 422, 670, 302, 432, 248, 30, 407, 245, 546, 550, 704, 220, 397, 405, 633, 255, 77, 109, 317, 518, 95, 322, 403, 24, 235, 746, 662, 665, 114, 477, 282, 312, 562, 483, 171, 335, 229, 698, 606, 43, 672, 321, 296, 329, 290, 51, 244, 372, 636, 287, 396, 327, 149, 560, 450, 416, 412, 657, 54, 154, 629, 203, 34, 71, 515, 775, 256, 720, 13, 223, 352, 354, 353, 640, 645, 545, 283, 419, 82, 611, 651, 524, 395, 632, 36, 659, 204, 238, 778, 656, 481, 521, 685, 316, 180, 167, 97, 272, 263, 418, 16, 674, 131, 729, 20, 64, 155, 111, 624, 9, 10, 48, 343, 65, 576, 202]

### Epoch 1 ###
Average loss for epoch: 0.7478
Average train error:    0.2650
Test error:             0.1225
Runtime so far:         39 sec

### Epoch 2 ###
Average loss for epoch: 0.2479
Average train error:    0.0784
Test error:             0.0602
Runtime so far:         69 sec

### Epoch 3 ###
Average loss for epoch: 0.1816
Average train error:    0.0558
Test error:             0.0671
Runtime so far:         100 sec

### Epoch 4 ###
Average loss for epoch: 0.1502
Average train error:    0.0470
Test error:             0.0450
Runtime so far:         129 sec

### Epoch 5 ###
Average loss for epoch: 0.1292
Average train error:    0.0411
Test error:             0.0421
Runtime so far:         159 sec

### Epoch 6 ###
Average loss for epoch: 0.1129
Average train error:    0.0357
Test error:             0.0436
Runtime so far:         189 sec

### Epoch 7 ###
Average loss for epoch: 0.0999
Average train error:    0.0323
Test error:             0.0332
Runtime so far:         219 sec

### Epoch 8 ###
Average loss for epoch: 0.0890
Average train error:    0.0285
Test error:             0.0387
Runtime so far:         249 sec

### Epoch 9 ###
Average loss for epoch: 0.0825
Average train error:    0.0258
Test error:             0.0345
Runtime so far:         279 sec

### Epoch 10 ###
Average loss for epoch: 0.0728
Average train error:    0.0236
Test error:             0.0321
Runtime so far:         309 sec

### Epoch 11 ###
Average loss for epoch: 0.0664
Average train error:    0.0209
Test error:             0.0354
Runtime so far:         339 sec

### Epoch 12 ###
Average loss for epoch: 0.0611
Average train error:    0.0202
Test error:             0.0261
Runtime so far:         369 sec

### Epoch 13 ###
Average loss for epoch: 0.0556
Average train error:    0.0183
Test error:             0.0315
Runtime so far:         399 sec

### Epoch 14 ###
Average loss for epoch: 0.0530
Average train error:    0.0176
Test error:             0.0292
Runtime so far:         428 sec

### Epoch 15 ###
Average loss for epoch: 0.0489
Average train error:    0.0160
Test error:             0.0276
Runtime so far:         457 sec

### Epoch 16 ###
Average loss for epoch: 0.0437
Average train error:    0.0144
Test error:             0.0285
Runtime so far:         487 sec

### Epoch 17 ###
Average loss for epoch: 0.0420
Average train error:    0.0138
Test error:             0.0266
Runtime so far:         517 sec

### Epoch 18 ###
Average loss for epoch: 0.0403
Average train error:    0.0137
Test error:             0.0248
Runtime so far:         547 sec

### Epoch 19 ###
Average loss for epoch: 0.0366
Average train error:    0.0122
Test error:             0.0299
Runtime so far:         577 sec

### Epoch 20 ###
Average loss for epoch: 0.0351
Average train error:    0.0116
Test error:             0.0250
Runtime so far:         607 sec

### Epoch 21 ###
Average loss for epoch: 0.0148
Average train error:    0.0049
Test error:             0.0212
Runtime so far:         636 sec

### Epoch 22 ###
Average loss for epoch: 0.0108
Average train error:    0.0035
Test error:             0.0215
Runtime so far:         666 sec

### Epoch 23 ###
Average loss for epoch: 0.0097
Average train error:    0.0030
Test error:             0.0222
Runtime so far:         696 sec

### Epoch 24 ###
Average loss for epoch: 0.0090
Average train error:    0.0029
Test error:             0.0219
Runtime so far:         726 sec

### Epoch 25 ###
Average loss for epoch: 0.0079
Average train error:    0.0026
Test error:             0.0229
Runtime so far:         754 sec

### Epoch 26 ###
Average loss for epoch: 0.0071
Average train error:    0.0022
Test error:             0.0229
Runtime so far:         785 sec

### Epoch 27 ###
Average loss for epoch: 0.0067
Average train error:    0.0021
Test error:             0.0218
Runtime so far:         815 sec

### Epoch 28 ###
Average loss for epoch: 0.0057
Average train error:    0.0016
Test error:             0.0233
Runtime so far:         845 sec

### Epoch 29 ###
Average loss for epoch: 0.0054
Average train error:    0.0018
Test error:             0.0235
Runtime so far:         875 sec

### Epoch 30 ###
Average loss for epoch: 0.0049
Average train error:    0.0015
Test error:             0.0231
Runtime so far:         904 sec

### Epoch 31 ###
Average loss for epoch: 0.0041
Average train error:    0.0013
Test error:             0.0233
Runtime so far:         934 sec

### Epoch 32 ###
Average loss for epoch: 0.0042
Average train error:    0.0011
Test error:             0.0240
Runtime so far:         964 sec

### Epoch 33 ###
Average loss for epoch: 0.0033
Average train error:    0.0010
Test error:             0.0236
Runtime so far:         994 sec

### Epoch 34 ###
Average loss for epoch: 0.0029
Average train error:    0.0009
Test error:             0.0236
Runtime so far:         1024 sec

### Epoch 35 ###
Average loss for epoch: 0.0039
Average train error:    0.0014
Test error:             0.0232
Runtime so far:         1053 sec

### Epoch 36 ###
Average loss for epoch: 0.0022
Average train error:    0.0008
Test error:             0.0231
Runtime so far:         1083 sec

### Epoch 37 ###
Average loss for epoch: 0.0022
Average train error:    0.0008
Test error:             0.0235
Runtime so far:         1113 sec

### Epoch 38 ###
Average loss for epoch: 0.0030
Average train error:    0.0008
Test error:             0.0234
Runtime so far:         1144 sec

### Epoch 39 ###
Average loss for epoch: 0.0021
Average train error:    0.0007
Test error:             0.0235
Runtime so far:         1173 sec

### Epoch 40 ###
Average loss for epoch: 0.0018
Average train error:    0.0006
Test error:             0.0244
Runtime so far:         1203 sec

### Epoch 41 ###
Average loss for epoch: 0.0014
Average train error:    0.0004
Test error:             0.0239
Runtime so far:         1232 sec

### Epoch 42 ###
Average loss for epoch: 0.0008
Average train error:    0.0002
Test error:             0.0241
Runtime so far:         1263 sec

### Epoch 43 ###
Average loss for epoch: 0.0006
Average train error:    0.0001
Test error:             0.0240
Runtime so far:         1293 sec

### Epoch 44 ###
Average loss for epoch: 0.0005
Average train error:    0.0001
Test error:             0.0238
Runtime so far:         1323 sec

### Epoch 45 ###
Average loss for epoch: 0.0005
Average train error:    0.0001
Test error:             0.0237
Runtime so far:         1353 sec

### Epoch 46 ###
Average loss for epoch: 0.0004
Average train error:    0.0001
Test error:             0.0236
Runtime so far:         1383 sec

### Epoch 47 ###
Average loss for epoch: 0.0004
Average train error:    0.0000
Test error:             0.0237
Runtime so far:         1412 sec

### Epoch 48 ###
Average loss for epoch: 0.0003
Average train error:    0.0001
Test error:             0.0236
Runtime so far:         1442 sec

### Epoch 49 ###
Average loss for epoch: 0.0003
Average train error:    0.0000
Test error:             0.0237
Runtime so far:         1472 sec

### Epoch 50 ###
Average loss for epoch: 0.0003
Average train error:    0.0000
Test error:             0.0235
Runtime so far:         1502 sec

### Epoch 51 ###
Average loss for epoch: 0.0002
Average train error:    0.0000
Test error:             0.0238
Runtime so far:         1532 sec

### Epoch 52 ###
Average loss for epoch: 0.0002
Average train error:    0.0000
Test error:             0.0238
Runtime so far:         1561 sec

### Epoch 53 ###
Average loss for epoch: 0.0002
Average train error:    0.0000
Test error:             0.0236
Runtime so far:         1591 sec

### Epoch 54 ###
Average loss for epoch: 0.0002
Average train error:    0.0000
Test error:             0.0237
Runtime so far:         1620 sec

### Epoch 55 ###
Average loss for epoch: 0.0001
Average train error:    0.0000
Test error:             0.0237
Runtime so far:         1650 sec

### Epoch 56 ###
Average loss for epoch: 0.0001
Average train error:    0.0000
Test error:             0.0240
Runtime so far:         1680 sec

### Epoch 57 ###
Average loss for epoch: 0.0001
Average train error:    0.0000
Test error:             0.0240
Runtime so far:         1710 sec

### Epoch 58 ###
Average loss for epoch: 0.0001
Average train error:    0.0000
Test error:             0.0241
Runtime so far:         1740 sec

### Epoch 59 ###
Average loss for epoch: 0.0001
Average train error:    0.0000
Test error:             0.0239
Runtime so far:         1770 sec

### Epoch 60 ###
Average loss for epoch: 0.0001
Average train error:    0.0000
Test error:             0.0239
Runtime so far:         1801 sec

