THIS TRIAL'S ALL PARAMETERS
bond_dim = 60
adaptive_mode = False
periodic_bc = False
init_std = 1e-09
num_train = 60000
num_test = 10000
batch_size = 100
num_epochs = 60
learning_rate = 0.0001
l2_reg = 0.0
merge_threshold = 2000
cutoff = 1e-10
Using device: cuda:0
Learning rate scheduler in use
Training on MNIST

path = [86, 536, 402, 751, 693, 507, 96, 191, 701, 311, 267, 349, 581, 450, 39, 482, 704, 78, 177, 175, 165, 441, 777, 546, 53, 758, 614, 62, 109, 93, 589, 522, 385, 537, 299, 770, 666, 527, 330, 366, 551, 251, 528, 264, 702, 271, 510, 353, 338, 681, 365, 1, 341, 714, 506, 611, 501, 247, 470, 628, 246, 571, 313, 206, 612, 556, 110, 327, 418, 453, 599, 29, 578, 432, 690, 114, 421, 622, 357, 634, 689, 224, 774, 69, 243, 725, 355, 272, 652, 755, 194, 491, 520, 70, 229, 572, 500, 381, 692, 291, 716, 468, 411, 252, 350, 376, 752, 343, 380, 406, 286, 57, 632, 654, 44, 201, 485, 392, 345, 273, 162, 597, 134, 122, 235, 298, 260, 155, 347, 91, 173, 383, 164, 514, 124, 684, 105, 718, 211, 389, 668, 43, 413, 180, 564, 23, 198, 140, 625, 481, 608, 483, 196, 83, 771, 444, 13, 304, 462, 46, 237, 306, 566, 448, 398, 21, 443, 479, 239, 414, 103, 148, 254, 569, 129, 319, 111, 469, 400, 301, 720, 5, 775, 455, 452, 354, 433, 447, 309, 337, 619, 476, 734, 579, 56, 627, 277, 618, 440, 329, 563, 676, 208, 242, 410, 356, 429, 285, 331, 81, 412, 783, 458, 580, 147, 157, 780, 255, 326, 295, 99, 270, 45, 636, 730, 265, 534, 363, 19, 387, 502, 760, 781, 222, 170, 228, 630, 324, 639, 323, 594, 548, 218, 219, 7, 276, 275, 709, 384, 125, 240, 531, 707, 605, 729, 0, 351, 200, 420, 672, 416, 64, 253, 404, 207, 2, 471, 451, 28, 723, 72, 47, 741, 576, 183, 118, 315, 32, 297, 130, 202, 8, 119, 184, 624, 408, 52, 250, 544, 477, 508, 336, 743, 163, 156, 71, 146, 214, 761, 722, 205, 335, 302, 34, 679, 602, 396, 559, 697, 694, 213, 397, 269, 664, 98, 116, 106, 135, 466, 386, 430, 317, 10, 457, 678, 51, 344, 293, 677, 288, 496, 33, 40, 94, 145, 92, 523, 18, 754, 699, 233, 635, 773, 89, 490, 37, 190, 373, 609, 87, 478, 499, 629, 474, 550, 204, 650, 587, 113, 308, 6, 225, 332, 278, 446, 314, 340, 73, 234, 655, 159, 364, 728, 464, 570, 305, 495, 540, 348, 473, 382, 139, 778, 289, 50, 735, 342, 31, 186, 682, 675, 525, 585, 85, 505, 185, 320, 561, 642, 737, 633, 493, 545, 36, 431, 257, 24, 423, 445, 67, 680, 711, 584, 212, 503, 434, 388, 706, 362, 557, 172, 316, 312, 142, 144, 160, 712, 742, 524, 372, 152, 552, 649, 108, 14, 641, 4, 745, 615, 35, 209, 663, 573, 645, 521, 58, 422, 166, 764, 568, 657, 97, 698, 575, 188, 747, 530, 54, 424, 136, 472, 475, 258, 395, 379, 607, 449, 456, 660, 226, 738, 763, 553, 223, 686, 161, 419, 143, 60, 631, 307, 542, 77, 325, 613, 769, 171, 25, 513, 399, 637, 442, 407, 192, 726, 688, 484, 150, 436, 425, 439, 259, 727, 768, 187, 648, 535, 509, 616, 438, 76, 231, 687, 328, 494, 617, 22, 282, 669, 487, 626, 428, 731, 367, 512, 673, 565, 263, 203, 533, 582, 653, 695, 562, 526, 138, 199, 303, 360, 595, 232, 643, 590, 321, 567, 621, 249, 16, 403, 435, 766, 244, 339, 415, 68, 169, 547, 74, 216, 300, 100, 638, 390, 740, 504, 736, 104, 296, 465, 744, 776, 79, 181, 623, 560, 757, 49, 748, 454, 287, 137, 126, 221, 189, 417, 703, 245, 644, 248, 370, 772, 284, 377, 489, 310, 128, 667, 759, 437, 361, 90, 592, 241, 539, 541, 529, 179, 717, 647, 9, 543, 127, 459, 486, 281, 182, 517, 65, 670, 554, 346, 123, 217, 577, 12, 661, 266, 95, 651, 467, 230, 394, 691, 659, 11, 359, 598, 710, 739, 604, 574, 375, 30, 131, 665, 121, 596, 488, 27, 174, 762, 656, 671, 38, 227, 368, 583, 391, 26, 700, 779, 461, 662, 15, 601, 101, 215, 280, 749, 154, 696, 586, 492, 107, 646, 279, 132, 195, 733, 685, 746, 153, 292, 558, 88, 393, 102, 61, 721, 705, 193, 610, 401, 405, 515, 197, 158, 518, 480, 82, 498, 374, 238, 724, 358, 460, 426, 168, 511, 42, 606, 427, 719, 20, 117, 115, 63, 756, 555, 767, 75, 463, 133, 167, 782, 274, 220, 3, 588, 149, 41, 352, 603, 620, 378, 715, 236, 333, 290, 519, 318, 409, 593, 713, 261, 750, 600, 262, 538, 268, 674, 371, 210, 765, 48, 151, 683, 334, 80, 658, 516, 112, 176, 532, 84, 369, 591, 59, 120, 256, 549, 17, 732, 283, 66, 497, 753, 178, 708, 55, 640, 322, 294, 141]

### Epoch 1 ###
Average loss for epoch: 0.7322
Average train accuracy: 0.7411
Test accuracy:          0.9217
Runtime so far:         125 sec

### Epoch 2 ###
Average loss for epoch: 0.1654
Average train accuracy: 0.9482
Test accuracy:          0.9567
Runtime so far:         240 sec

### Epoch 3 ###
Average loss for epoch: 0.1233
Average train accuracy: 0.9619
Test accuracy:          0.9577
Runtime so far:         356 sec

### Epoch 4 ###
Average loss for epoch: 0.1008
Average train accuracy: 0.9691
Test accuracy:          0.9709
Runtime so far:         471 sec

### Epoch 5 ###
Average loss for epoch: 0.0846
Average train accuracy: 0.9730
Test accuracy:          0.9679
Runtime so far:         586 sec

### Epoch 6 ###
Average loss for epoch: 0.0731
Average train accuracy: 0.9763
Test accuracy:          0.9652
Runtime so far:         701 sec

### Epoch 7 ###
Average loss for epoch: 0.0703
Average train accuracy: 0.9771
Test accuracy:          0.9665
Runtime so far:         816 sec

### Epoch 8 ###
Average loss for epoch: 0.0606
Average train accuracy: 0.9808
Test accuracy:          0.9708
Runtime so far:         932 sec

### Epoch 9 ###
Average loss for epoch: 0.0512
Average train accuracy: 0.9837
Test accuracy:          0.9712
Runtime so far:         1047 sec

### Epoch 10 ###
Average loss for epoch: 0.0510
Average train accuracy: 0.9840
Test accuracy:          0.9742
Runtime so far:         1162 sec

### Epoch 11 ###
Average loss for epoch: 0.0456
Average train accuracy: 0.9855
Test accuracy:          0.9720
Runtime so far:         1277 sec

### Epoch 12 ###
Average loss for epoch: 0.0402
Average train accuracy: 0.9872
Test accuracy:          0.9705
Runtime so far:         1392 sec

### Epoch 13 ###
Average loss for epoch: 0.0399
Average train accuracy: 0.9873
Test accuracy:          0.9722
Runtime so far:         1507 sec

### Epoch 14 ###
Average loss for epoch: 0.0400
Average train accuracy: 0.9871
Test accuracy:          0.9769
Runtime so far:         1622 sec

### Epoch 15 ###
Average loss for epoch: 0.0363
Average train accuracy: 0.9882
Test accuracy:          0.9759
Runtime so far:         1737 sec

### Epoch 16 ###
Average loss for epoch: 0.0315
Average train accuracy: 0.9899
Test accuracy:          0.9709
Runtime so far:         1852 sec

### Epoch 17 ###
Average loss for epoch: 0.0276
Average train accuracy: 0.9911
Test accuracy:          0.9771
Runtime so far:         1967 sec

### Epoch 18 ###
Average loss for epoch: 0.0285
Average train accuracy: 0.9907
Test accuracy:          0.9745
Runtime so far:         2082 sec

### Epoch 19 ###
Average loss for epoch: 0.0280
Average train accuracy: 0.9913
Test accuracy:          0.9740
Runtime so far:         2198 sec

### Epoch 20 ###
Average loss for epoch: 0.0295
Average train accuracy: 0.9910
Test accuracy:          0.9775
Runtime so far:         2312 sec

### Epoch 21 ###
Average loss for epoch: 0.0087
Average train accuracy: 0.9972
Test accuracy:          0.9809
Runtime so far:         2428 sec

### Epoch 22 ###
Average loss for epoch: 0.0033
Average train accuracy: 0.9991
Test accuracy:          0.9820
Runtime so far:         2543 sec

### Epoch 23 ###
Average loss for epoch: 0.0019
Average train accuracy: 0.9994
Test accuracy:          0.9821
Runtime so far:         2658 sec

### Epoch 24 ###
Average loss for epoch: 0.0014
Average train accuracy: 0.9995
Test accuracy:          0.9819
Runtime so far:         2773 sec

### Epoch 25 ###
Average loss for epoch: 0.0009
Average train accuracy: 0.9998
Test accuracy:          0.9819
Runtime so far:         2888 sec

### Epoch 26 ###
Average loss for epoch: 0.0009
Average train accuracy: 0.9998
Test accuracy:          0.9819
Runtime so far:         3003 sec

### Epoch 27 ###
Average loss for epoch: 0.0011
Average train accuracy: 0.9997
Test accuracy:          0.9818
Runtime so far:         3118 sec

### Epoch 28 ###
Average loss for epoch: 0.0013
Average train accuracy: 0.9996
Test accuracy:          0.9816
Runtime so far:         3234 sec

### Epoch 29 ###
Average loss for epoch: 0.0003
Average train accuracy: 0.9999
Test accuracy:          0.9818
Runtime so far:         3349 sec

### Epoch 30 ###
Average loss for epoch: 0.0001
Average train accuracy: 1.0000
Test accuracy:          0.9817
Runtime so far:         3464 sec

### Epoch 31 ###
Average loss for epoch: 0.0000
Average train accuracy: 1.0000
Test accuracy:          0.9818
Runtime so far:         3579 sec

### Epoch 32 ###
Average loss for epoch: 0.0000
Average train accuracy: 1.0000
Test accuracy:          0.9821
Runtime so far:         3694 sec

### Epoch 33 ###
Average loss for epoch: 0.0000
Average train accuracy: 1.0000
Test accuracy:          0.9819
Runtime so far:         3809 sec

### Epoch 34 ###
Average loss for epoch: 0.0000
Average train accuracy: 1.0000
Test accuracy:          0.9819
Runtime so far:         3924 sec

### Epoch 35 ###
Average loss for epoch: 0.0000
Average train accuracy: 1.0000
Test accuracy:          0.9819
Runtime so far:         4039 sec

### Epoch 36 ###
Average loss for epoch: 0.0000
Average train accuracy: 1.0000
Test accuracy:          0.9819
Runtime so far:         4153 sec

### Epoch 37 ###
Average loss for epoch: 0.0000
Average train accuracy: 1.0000
Test accuracy:          0.9819
Runtime so far:         4268 sec

### Epoch 38 ###
Average loss for epoch: 0.0000
Average train accuracy: 1.0000
Test accuracy:          0.9820
Runtime so far:         4383 sec

### Epoch 39 ###
Average loss for epoch: 0.0000
Average train accuracy: 1.0000
Test accuracy:          0.9819
Runtime so far:         4498 sec

### Epoch 40 ###
Average loss for epoch: 0.0000
Average train accuracy: 1.0000
Test accuracy:          0.9820
Runtime so far:         4613 sec

### Epoch 41 ###
Average loss for epoch: 0.0000
Average train accuracy: 1.0000
Test accuracy:          0.9820
Runtime so far:         4728 sec

### Epoch 42 ###
Average loss for epoch: 0.0000
Average train accuracy: 1.0000
Test accuracy:          0.9821
Runtime so far:         4843 sec

### Epoch 43 ###
Average loss for epoch: 0.0000
Average train accuracy: 1.0000
Test accuracy:          0.9820
Runtime so far:         4958 sec

### Epoch 44 ###
Average loss for epoch: 0.0000
Average train accuracy: 1.0000
Test accuracy:          0.9820
Runtime so far:         5073 sec

### Epoch 45 ###
Average loss for epoch: 0.0000
Average train accuracy: 1.0000
Test accuracy:          0.9819
Runtime so far:         5189 sec

### Epoch 46 ###
Average loss for epoch: 0.0000
Average train accuracy: 1.0000
Test accuracy:          0.9821
Runtime so far:         5304 sec

### Epoch 47 ###
Average loss for epoch: 0.0000
Average train accuracy: 1.0000
Test accuracy:          0.9822
Runtime so far:         5419 sec

### Epoch 48 ###
Average loss for epoch: 0.0000
Average train accuracy: 1.0000
Test accuracy:          0.9822
Runtime so far:         5534 sec

### Epoch 49 ###
Average loss for epoch: 0.0000
Average train accuracy: 1.0000
Test accuracy:          0.9822
Runtime so far:         5649 sec

### Epoch 50 ###
Average loss for epoch: 0.0000
Average train accuracy: 1.0000
Test accuracy:          0.9822
Runtime so far:         5764 sec

### Epoch 51 ###
Average loss for epoch: 0.0000
Average train accuracy: 1.0000
Test accuracy:          0.9822
Runtime so far:         5879 sec

### Epoch 52 ###
Average loss for epoch: 0.0000
Average train accuracy: 1.0000
Test accuracy:          0.9823
Runtime so far:         5994 sec

### Epoch 53 ###
Average loss for epoch: 0.0000
Average train accuracy: 1.0000
Test accuracy:          0.9824
Runtime so far:         6172 sec

### Epoch 54 ###
Average loss for epoch: 0.0000
Average train accuracy: 1.0000
Test accuracy:          0.9823
Runtime so far:         6287 sec

### Epoch 55 ###
Average loss for epoch: 0.0000
Average train accuracy: 1.0000
Test accuracy:          0.9825
Runtime so far:         6402 sec

### Epoch 56 ###
Average loss for epoch: 0.0000
Average train accuracy: 1.0000
Test accuracy:          0.9822
Runtime so far:         6518 sec

### Epoch 57 ###
Average loss for epoch: 0.0000
Average train accuracy: 1.0000
Test accuracy:          0.9824
Runtime so far:         6633 sec

### Epoch 58 ###
Average loss for epoch: 0.0000
Average train accuracy: 1.0000
Test accuracy:          0.9819
Runtime so far:         6748 sec

### Epoch 59 ###
Average loss for epoch: 0.0000
Average train accuracy: 1.0000
Test accuracy:          0.9819
Runtime so far:         6863 sec

### Epoch 60 ###
Average loss for epoch: 0.0000
Average train accuracy: 1.0000
Test accuracy:          0.9820
Runtime so far:         6978 sec

